2025-01-11 18:08:43.103 [info] Reading sessions from keychain...
2025-01-11 18:08:43.103 [info] Getting sessions for all scopes...
2025-01-11 18:08:43.103 [info] Getting sessions for all scopes...
2025-01-11 18:08:43.103 [info] Getting sessions for all scopes...
2025-01-11 18:08:43.103 [info] Getting sessions for all scopes...
2025-01-11 18:08:43.103 [info] Getting sessions for all scopes...
2025-01-11 18:08:43.103 [info] Getting sessions for all scopes...
2025-01-11 18:08:43.103 [info] Getting sessions for all scopes...
2025-01-11 18:08:43.130 [info] Got 0 sessions for ...
2025-01-11 18:08:43.131 [info] Got 0 sessions for ...
2025-01-11 18:08:43.131 [info] Got 0 sessions for ...
2025-01-11 18:08:43.131 [info] Got 0 sessions for ...
2025-01-11 18:08:43.131 [info] Got 0 sessions for ...
2025-01-11 18:08:43.131 [info] Got 0 sessions for ...
2025-01-11 18:08:43.131 [info] Got 0 sessions for ...
2025-01-11 18:08:43.225 [info] Getting sessions for all scopes...
2025-01-11 18:08:43.225 [info] Got 0 sessions for ...
2025-01-11 18:08:45.091 [info] Getting sessions for all scopes...
2025-01-11 18:08:45.091 [info] Got 0 sessions for ...
2025-01-11 18:08:45.553 [info] Getting sessions for read:user,repo,user:email...
2025-01-11 18:08:45.553 [info] Got 0 sessions for read:user,repo,user:email...
2025-01-11 18:08:45.553 [info] Getting sessions for read:user,repo,user:email,workflow...
2025-01-11 18:08:45.553 [info] Got 0 sessions for read:user,repo,user:email,workflow...
2025-01-11 18:08:45.553 [info] Getting sessions for all scopes...
2025-01-11 18:08:45.553 [info] Got 0 sessions for ...
2025-01-11 18:08:45.553 [info] Getting sessions for all scopes...
2025-01-11 18:08:45.553 [info] Got 0 sessions for ...
2025-01-11 18:08:45.940 [info] Getting sessions for read:user...
2025-01-11 18:08:45.940 [info] Got 0 sessions for read:user...
2025-01-11 18:08:45.940 [info] Getting sessions for user:email...
2025-01-11 18:08:45.940 [info] Got 0 sessions for user:email...
2025-01-11 18:08:45.940 [info] Getting sessions for read:user,repo,user:email,workflow...
2025-01-11 18:08:45.940 [info] Got 0 sessions for read:user,repo,user:email,workflow...
2025-01-11 18:08:46.440 [info] Getting sessions for user:email...
2025-01-11 18:08:46.440 [info] Got 0 sessions for user:email...
2025-01-11 18:08:46.440 [info] Getting sessions for all scopes...
2025-01-11 18:08:46.441 [info] Got 0 sessions for ...
2025-01-11 18:08:46.554 [info] Getting sessions for read:user,repo,user:email,workflow...
2025-01-11 18:08:46.554 [info] Got 0 sessions for read:user,repo,user:email,workflow...
2025-01-11 18:08:47.402 [info] Getting sessions for user:email...
2025-01-11 18:08:47.402 [info] Got 0 sessions for user:email...
2025-01-11 18:08:47.504 [info] Getting sessions for read:user...
2025-01-11 18:08:47.504 [info] Got 0 sessions for read:user...
2025-01-11 18:08:47.505 [info] Getting sessions for all scopes...
2025-01-11 18:08:47.505 [info] Got 0 sessions for ...
2025-01-11 18:08:47.547 [info] Getting sessions for user:email...
2025-01-11 18:08:47.547 [info] Got 0 sessions for user:email...
2025-01-11 18:08:47.553 [info] Getting sessions for user:email...
2025-01-11 18:08:47.553 [info] Got 0 sessions for user:email...
