2025-01-11 16:01:15.041 [warning] Via 'product.json#extensionEnabledApiProposals' extension 'ms-vscode.vscode-selfhost-test-provider' wants API proposal 'attributableCoverage' but that proposal DOES NOT EXIST. Likely, the proposal has been finalized (check 'vscode.d.ts') or was abandoned.
2025-01-11 16:01:15.041 [warning] Via 'product.json#extensionEnabledApiProposals' extension 'ms-python.python' wants API proposal 'contribIssueReporter' but that proposal DOES NOT EXIST. Likely, the proposal has been finalized (check 'vscode.d.ts') or was abandoned.
2025-01-11 16:01:15.042 [warning] Via 'product.json#extensionEnabledApiProposals' extension 'ms-python.debugpy' wants API proposal 'contribIssueReporter' but that proposal DOES NOT EXIST. Likely, the proposal has been finalized (check 'vscode.d.ts') or was abandoned.
2025-01-11 16:01:15.275 [info] Started local extension host with pid 276649.
2025-01-11 16:01:16.452 [info] Settings Sync: Account status changed from uninitialized to unavailable
2025-01-11 16:01:18.581 [info] [perf] Render performance baseline is 38ms
2025-01-11 16:04:40.477 [error] Unable to resolve nonexistent file 'vscode-userdata:/home/yagna/.config/Code/User/globalStorage/vscode.theme-defaults': Error: Unable to resolve nonexistent file 'vscode-userdata:/home/yagna/.config/Code/User/globalStorage/vscode.theme-defaults'
    at _ot.resolve (vscode-file://vscode-app/opt/visual-studio-code/resources/app/out/vs/workbench/workbench.desktop.main.js:3108:60549)
    at async BTt (vscode-file://vscode-app/opt/visual-studio-code/resources/app/out/vs/workbench/workbench.desktop.main.js:480:44682)
2025-01-11 16:05:30.249 [error] [Extension Host] Failed to load message bundle for file /home/yagna/.vscode/extensions/ms-edgedevtools.vscode-edge-devtools-2.1.6/out/extension
2025-01-11 16:05:30.249 [error] [Extension Host] Failed to load message bundle for file /home/yagna/.vscode/extensions/ms-edgedevtools.vscode-edge-devtools-2.1.6/out/extension
2025-01-11 16:05:30.252 [error] [Extension Host] Failed to load message bundle for file /home/yagna/.vscode/extensions/ms-edgedevtools.vscode-edge-devtools-2.1.6/out/extension
2025-01-11 16:05:30.252 [error] [Extension Host] Failed to load message bundle for file /home/yagna/.vscode/extensions/ms-edgedevtools.vscode-edge-devtools-2.1.6/out/extension
2025-01-11 16:05:30.253 [error] [Extension Host] Failed to load message bundle for file /home/yagna/.vscode/extensions/ms-edgedevtools.vscode-edge-devtools-2.1.6/out/extension
2025-01-11 16:05:30.253 [error] [Extension Host] Failed to load message bundle for file /home/yagna/.vscode/extensions/ms-edgedevtools.vscode-edge-devtools-2.1.6/out/extension
2025-01-11 16:05:30.253 [error] [Extension Host] Failed to load message bundle for file /home/yagna/.vscode/extensions/ms-edgedevtools.vscode-edge-devtools-2.1.6/out/extension
2025-01-11 16:05:30.253 [error] [Extension Host] Failed to load message bundle for file /home/yagna/.vscode/extensions/ms-edgedevtools.vscode-edge-devtools-2.1.6/out/extension
2025-01-11 16:05:37.749 [info] Started local extension host with pid 299617.
2025-01-11 16:05:50.072 [error] Extension 'ms-vscode.cpptools' wants API proposal 'lmTools' but that proposal DOES NOT EXIST. Likely, the proposal has been finalized (check 'vscode.d.ts') or was abandoned.
2025-01-11 16:05:50.093 [warning] [twxs.cmake]: Cannot register 'cmake.cmakePath'. This property is already registered.
2025-01-11 16:05:59.785 [error] Unable to resolve nonexistent file 'vscode-userdata:/home/yagna/.config/Code/User/globalStorage/mechatroner.rainbow-csv': Error: Unable to resolve nonexistent file 'vscode-userdata:/home/yagna/.config/Code/User/globalStorage/mechatroner.rainbow-csv'
    at _ot.resolve (vscode-file://vscode-app/opt/visual-studio-code/resources/app/out/vs/workbench/workbench.desktop.main.js:3108:60549)
    at async BTt (vscode-file://vscode-app/opt/visual-studio-code/resources/app/out/vs/workbench/workbench.desktop.main.js:480:44682)
