2025-01-11 15:45:39.937 [info] Reading sessions from keychain...
2025-01-11 15:45:39.937 [info] Getting sessions for all scopes...
2025-01-11 15:45:39.937 [info] Getting sessions for all scopes...
2025-01-11 15:45:39.937 [info] Getting sessions for all scopes...
2025-01-11 15:45:39.937 [info] Got stored sessions!
2025-01-11 15:45:39.937 [info] Got 1 verified sessions.
2025-01-11 15:45:39.937 [info] Got 1 sessions for ...
2025-01-11 15:45:39.937 [info] Got 1 sessions for ...
2025-01-11 15:45:39.937 [info] Got 1 sessions for ...
2025-01-11 15:45:39.937 [info] Getting sessions for all scopes...
2025-01-11 15:45:39.937 [info] Got 1 sessions for ...
2025-01-11 15:45:39.937 [info] Getting sessions for all scopes...
2025-01-11 15:45:39.937 [info] Got 1 sessions for ...
2025-01-11 15:45:39.937 [info] Getting sessions for all scopes...
2025-01-11 15:45:39.937 [info] Got 1 sessions for ...
2025-01-11 15:45:39.937 [info] Getting sessions for all scopes...
2025-01-11 15:45:39.937 [info] Got 1 sessions for ...
2025-01-11 15:45:39.937 [info] Getting sessions for all scopes...
2025-01-11 15:45:39.937 [info] Got 1 sessions for ...
2025-01-11 15:45:40.396 [info] Getting sessions for all scopes...
2025-01-11 15:45:40.396 [info] Got 1 sessions for ...
2025-01-11 15:45:42.635 [info] Getting sessions for all scopes...
2025-01-11 15:45:42.635 [info] Got 1 sessions for ...
