2025-01-11 15:51:30.789 [info] [main] Log level: Info
2025-01-11 15:51:30.789 [info] [main] Validating found git in: "git"
2025-01-11 15:51:30.789 [info] [main] Using git "2.48.0" from "git"
2025-01-11 15:51:30.789 [info] [Model][doInitialScan] Initial repository scan started
2025-01-11 15:51:30.789 [info] > git rev-parse --show-toplevel [5ms]
2025-01-11 15:51:30.789 [info] fatal: not a git repository (or any of the parent directories): .git
2025-01-11 15:51:30.789 [info] > git rev-parse --show-toplevel [1ms]
2025-01-11 15:51:30.789 [info] fatal: not a git repository (or any of the parent directories): .git
2025-01-11 15:51:30.789 [info] > git rev-parse --show-toplevel [1ms]
2025-01-11 15:51:30.789 [info] fatal: not a git repository (or any of the parent directories): .git
2025-01-11 15:51:30.789 [info] > git rev-parse --show-toplevel [1ms]
2025-01-11 15:51:30.789 [info] fatal: not a git repository (or any of the parent directories): .git
2025-01-11 15:51:30.790 [info] > git rev-parse --show-toplevel [2ms]
2025-01-11 15:51:30.790 [info] fatal: not a git repository (or any of the parent directories): .git
2025-01-11 15:51:30.792 [info] [Model][doInitialScan] Initial repository scan completed - repositories (0), closed repositories (0), parent repositories (0), unsafe repositories (0)
2025-01-11 15:51:30.938 [info] > git rev-parse --show-toplevel [1ms]
2025-01-11 15:51:30.938 [info] fatal: not a git repository (or any of the parent directories): .git
2025-01-11 15:51:31.199 [info] > git rev-parse --show-toplevel [1ms]
2025-01-11 15:51:31.199 [info] fatal: not a git repository (or any of the parent directories): .git
2025-01-11 15:51:31.288 [info] > git rev-parse --show-toplevel [1ms]
2025-01-11 15:51:31.288 [info] fatal: not a git repository (or any of the parent directories): .git
2025-01-11 15:51:33.313 [info] > git rev-parse --show-toplevel [1ms]
2025-01-11 15:51:33.313 [info] fatal: not a git repository (or any of the parent directories): .git
