2025-01-11 15:47:08.681 [info] Reading sessions from keychain...
2025-01-11 15:47:08.681 [info] Getting sessions for all scopes...
2025-01-11 15:47:08.681 [info] Getting sessions for all scopes...
2025-01-11 15:47:08.681 [info] Getting sessions for all scopes...
2025-01-11 15:47:08.681 [info] Got stored sessions!
2025-01-11 15:47:08.681 [info] Got 1 verified sessions.
2025-01-11 15:47:08.681 [info] Got 1 sessions for ...
2025-01-11 15:47:08.681 [info] Got 1 sessions for ...
2025-01-11 15:47:08.681 [info] Got 1 sessions for ...
2025-01-11 15:47:08.681 [info] Getting sessions for all scopes...
2025-01-11 15:47:08.681 [info] Got 1 sessions for ...
2025-01-11 15:47:08.681 [info] Getting sessions for all scopes...
2025-01-11 15:47:08.681 [info] Got 1 sessions for ...
2025-01-11 15:47:08.681 [info] Getting sessions for all scopes...
2025-01-11 15:47:08.681 [info] Got 1 sessions for ...
2025-01-11 15:47:08.681 [info] Getting sessions for all scopes...
2025-01-11 15:47:08.681 [info] Got 1 sessions for ...
2025-01-11 15:47:08.681 [info] Getting sessions for all scopes...
2025-01-11 15:47:08.681 [info] Got 1 sessions for ...
2025-01-11 15:47:09.165 [info] Getting sessions for all scopes...
2025-01-11 15:47:09.165 [info] Got 1 sessions for ...
2025-01-11 15:47:11.467 [info] Getting sessions for all scopes...
2025-01-11 15:47:11.467 [info] Got 1 sessions for ...
