2025-01-11 15:58:30.114 [info] Getting Manifest... ms-python.python
2025-01-11 15:58:30.314 [info] Installing extension: ms-python.python {"isMachineScoped":false,"profileLocation":{"$mid":1,"external":"vscode-userdata:/home/yagna/.vscode/extensions/extensions.json","path":"/home/yagna/.vscode/extensions/extensions.json","scheme":"vscode-userdata"},"installOnlyNewlyAddedFromExtensionPack":true,"isApplicationScoped":false,"productVersion":{"version":"1.96.2","date":"2024-12-19T10:22:47.216Z"}}
2025-01-11 15:58:31.603 [info] Getting Manifest... ms-python.vscode-pylance
2025-01-11 15:58:31.647 [info] Getting Manifest... ms-python.debugpy
2025-01-11 15:58:31.701 [info] Installing extension: ms-python.vscode-pylance {"isMachineScoped":false,"profileLocation":{"$mid":1,"external":"vscode-userdata:/home/yagna/.vscode/extensions/extensions.json","path":"/home/yagna/.vscode/extensions/extensions.json","scheme":"vscode-userdata"},"installOnlyNewlyAddedFromExtensionPack":true,"isApplicationScoped":false,"productVersion":{"version":"1.96.2","date":"2024-12-19T10:22:47.216Z"},"context":{"dependecyOrPackExtensionInstall":true}}
2025-01-11 15:58:31.701 [info] Installing extension: ms-python.debugpy {"isMachineScoped":false,"profileLocation":{"$mid":1,"external":"vscode-userdata:/home/yagna/.vscode/extensions/extensions.json","path":"/home/yagna/.vscode/extensions/extensions.json","scheme":"vscode-userdata"},"installOnlyNewlyAddedFromExtensionPack":true,"isApplicationScoped":false,"productVersion":{"version":"1.96.2","date":"2024-12-19T10:22:47.216Z"},"context":{"dependecyOrPackExtensionInstall":true}}
2025-01-11 15:58:34.422 [info] Extension signature verification result for ms-python.vscode-pylance: UnknownError. Executed: true. Duration: 9ms.
2025-01-11 15:58:35.645 [info] Extension signature verification result for ms-python.python: UnknownError. Executed: true. Duration: 9ms.
2025-01-11 15:58:35.755 [info] Extension signature verification result for ms-python.debugpy: UnknownError. Executed: true. Duration: 7ms.
2025-01-11 15:58:36.165 [info] Extracted extension to file:///home/yagna/.vscode/extensions/ms-python.debugpy-2024.14.0-linux-x64: ms-python.debugpy
2025-01-11 15:58:36.177 [info] Renamed to /home/yagna/.vscode/extensions/ms-python.debugpy-2024.14.0-linux-x64
2025-01-11 15:58:36.258 [error] [uncaught exception in sharedProcess]: Error: ENOENT: no such file or directory, stat '/home/yagna/.vscode/extensions/extensions.json.vsctmp': EntryNotFound (FileSystemError): Error: ENOENT: no such file or directory, stat '/home/yagna/.vscode/extensions/extensions.json.vsctmp'
    at Gm.create (file:///opt/visual-studio-code/resources/app/out/vs/code/electron-utility/sharedProcess/sharedProcessMain.js:35:39624)
    at xs (file:///opt/visual-studio-code/resources/app/out/vs/code/electron-utility/sharedProcess/sharedProcessMain.js:35:39731)
    at Vr.ib (file:///opt/visual-studio-code/resources/app/out/vs/code/electron-utility/sharedProcess/sharedProcessMain.js:78:22778)
    at Vr.stat (file:///opt/visual-studio-code/resources/app/out/vs/code/electron-utility/sharedProcess/sharedProcessMain.js:78:16010)
    at async wh.stat (file:///opt/visual-studio-code/resources/app/out/vs/code/electron-utility/sharedProcess/sharedProcessMain.js:77:85488)
    at async fh.Ab (file:///opt/visual-studio-code/resources/app/out/vs/code/electron-utility/sharedProcess/sharedProcessMain.js:77:67180)
2025-01-11 15:58:36.785 [info] Extracted extension to file:///home/yagna/.vscode/extensions/ms-python.python-2024.22.2-linux-x64: ms-python.python
2025-01-11 15:58:36.831 [info] Renamed to /home/yagna/.vscode/extensions/ms-python.python-2024.22.2-linux-x64
2025-01-11 15:58:36.910 [error] [uncaught exception in sharedProcess]: Error: ENOENT: no such file or directory, stat '/home/yagna/.vscode/extensions/extensions.json.vsctmp': EntryNotFound (FileSystemError): Error: ENOENT: no such file or directory, stat '/home/yagna/.vscode/extensions/extensions.json.vsctmp'
    at Gm.create (file:///opt/visual-studio-code/resources/app/out/vs/code/electron-utility/sharedProcess/sharedProcessMain.js:35:39624)
    at xs (file:///opt/visual-studio-code/resources/app/out/vs/code/electron-utility/sharedProcess/sharedProcessMain.js:35:39731)
    at Vr.ib (file:///opt/visual-studio-code/resources/app/out/vs/code/electron-utility/sharedProcess/sharedProcessMain.js:78:22778)
    at Vr.stat (file:///opt/visual-studio-code/resources/app/out/vs/code/electron-utility/sharedProcess/sharedProcessMain.js:78:16010)
    at async wh.stat (file:///opt/visual-studio-code/resources/app/out/vs/code/electron-utility/sharedProcess/sharedProcessMain.js:77:85488)
    at async fh.Ab (file:///opt/visual-studio-code/resources/app/out/vs/code/electron-utility/sharedProcess/sharedProcessMain.js:77:67180)
2025-01-11 15:58:37.192 [info] Extracted extension to file:///home/yagna/.vscode/extensions/ms-python.vscode-pylance-2024.12.1: ms-python.vscode-pylance
2025-01-11 15:58:37.339 [info] Renamed to /home/yagna/.vscode/extensions/ms-python.vscode-pylance-2024.12.1
2025-01-11 15:58:37.357 [info] Extension installed successfully: ms-python.debugpy vscode-userdata:/home/yagna/.vscode/extensions/extensions.json
2025-01-11 15:58:37.357 [info] Extension installed successfully: ms-python.python vscode-userdata:/home/yagna/.vscode/extensions/extensions.json
2025-01-11 15:58:37.357 [info] Extension installed successfully: ms-python.vscode-pylance vscode-userdata:/home/yagna/.vscode/extensions/extensions.json
2025-01-11 15:58:37.421 [error] [uncaught exception in sharedProcess]: Error: ENOENT: no such file or directory, stat '/home/yagna/.vscode/extensions/extensions.json.vsctmp': EntryNotFound (FileSystemError): Error: ENOENT: no such file or directory, stat '/home/yagna/.vscode/extensions/extensions.json.vsctmp'
    at Gm.create (file:///opt/visual-studio-code/resources/app/out/vs/code/electron-utility/sharedProcess/sharedProcessMain.js:35:39624)
    at xs (file:///opt/visual-studio-code/resources/app/out/vs/code/electron-utility/sharedProcess/sharedProcessMain.js:35:39731)
    at Vr.ib (file:///opt/visual-studio-code/resources/app/out/vs/code/electron-utility/sharedProcess/sharedProcessMain.js:78:22778)
    at Vr.stat (file:///opt/visual-studio-code/resources/app/out/vs/code/electron-utility/sharedProcess/sharedProcessMain.js:78:16010)
    at async wh.stat (file:///opt/visual-studio-code/resources/app/out/vs/code/electron-utility/sharedProcess/sharedProcessMain.js:77:85488)
    at async fh.Ab (file:///opt/visual-studio-code/resources/app/out/vs/code/electron-utility/sharedProcess/sharedProcessMain.js:77:67180)
