2025-01-11 15:47:08.826 [info] [main] Log level: Info
2025-01-11 15:47:08.826 [info] [main] Validating found git in: "git"
2025-01-11 15:47:08.826 [info] [main] Using git "2.48.0" from "git"
2025-01-11 15:47:08.826 [info] [Model][doInitialScan] Initial repository scan started
2025-01-11 15:47:08.826 [info] > git rev-parse --show-toplevel [1ms]
2025-01-11 15:47:08.826 [info] fatal: not a git repository (or any of the parent directories): .git
2025-01-11 15:47:08.826 [info] > git rev-parse --show-toplevel [2ms]
2025-01-11 15:47:08.826 [info] fatal: not a git repository (or any of the parent directories): .git
2025-01-11 15:47:08.828 [info] > git rev-parse --show-toplevel [1ms]
2025-01-11 15:47:08.828 [info] fatal: not a git repository (or any of the parent directories): .git
2025-01-11 15:47:08.833 [info] > git rev-parse --show-toplevel [1ms]
2025-01-11 15:47:08.833 [info] fatal: not a git repository (or any of the parent directories): .git
2025-01-11 15:47:08.839 [info] > git rev-parse --show-toplevel [1ms]
2025-01-11 15:47:08.839 [info] fatal: not a git repository (or any of the parent directories): .git
2025-01-11 15:47:08.841 [info] [Model][doInitialScan] Initial repository scan completed - repositories (0), closed repositories (0), parent repositories (0), unsafe repositories (0)
2025-01-11 15:47:08.978 [info] > git rev-parse --show-toplevel [1ms]
2025-01-11 15:47:08.978 [info] fatal: not a git repository (or any of the parent directories): .git
2025-01-11 15:47:09.371 [info] > git rev-parse --show-toplevel [1ms]
2025-01-11 15:47:09.371 [info] fatal: not a git repository (or any of the parent directories): .git
2025-01-11 15:47:09.430 [info] > git rev-parse --show-toplevel [2ms]
2025-01-11 15:47:09.430 [info] fatal: not a git repository (or any of the parent directories): .git
2025-01-11 15:47:11.361 [info] > git rev-parse --show-toplevel [1ms]
2025-01-11 15:47:11.361 [info] fatal: not a git repository (or any of the parent directories): .git
