2024-12-29 18:03:38 Loading main app package /usr/lib/obsidian/obsidian.asar
2024-12-29 18:03:38 Checking for update using Github
2024-12-29 18:03:38 Success.
2024-12-29 18:03:38 Latest version is 1.7.7
2024-12-29 18:03:38 App is up to date.
2024-12-29 18:04:58 Loading main app package /usr/lib/obsidian/obsidian.asar
2024-12-29 18:04:58 Checking for update using Github
2024-12-29 18:04:58 Success.
2024-12-29 18:04:58 Latest version is 1.7.7
2024-12-29 18:04:58 App is up to date.
2024-12-29 18:12:32 Loading main app package /usr/lib/obsidian/obsidian.asar
2024-12-29 18:12:32 Checking for update using Github
2024-12-29 18:12:32 Success.
2024-12-29 18:12:32 Latest version is 1.7.7
2024-12-29 18:12:32 App is up to date.
2024-12-29 20:31:53 Loading main app package /usr/lib/obsidian/obsidian.asar
2024-12-29 20:31:53 Checking for update using Github
2024-12-29 20:31:54 Success.
2024-12-29 20:31:54 Latest version is 1.7.7
2024-12-29 20:31:54 App is up to date.
2024-12-29 20:35:31 Loading main app package /usr/lib/obsidian/obsidian.asar
2024-12-29 20:35:31 Checking for update using Github
2024-12-29 20:35:32 Success.
2024-12-29 20:35:32 Latest version is 1.7.7
2024-12-29 20:35:32 App is up to date.
