2025-01-11 15:58:38.516 [info] (Client) Pylance async client (2024.12.1) started with python extension (2024.22.2)
2025-01-11 15:58:38.869 [info] [Info  - 3:58:38 PM] (260046) Server root directory: file:///home/yagna/.vscode/extensions/ms-python.vscode-pylance-2024.12.1/dist
2025-01-11 15:58:38.869 [info] [Info  - 3:58:38 PM] (260046) Pylance language server 2024.12.1 (pyright version 1.1.389, commit ce1325fc) starting
2025-01-11 15:58:38.869 [info] [Info  - 3:58:38 PM] (260046) Starting service instance "ML"
2025-01-11 15:58:38.904 [info] [Info  - 3:58:38 PM] (260046) Setting environmentName for service "ML": "3.13.1 (global)"
2025-01-11 15:58:38.905 [info] [Info  - 3:58:38 PM] (260046) Setting pythonPath for service "ML": "/usr/sbin/python"
2025-01-11 15:58:38.905 [info] [Info  - 3:58:38 PM] (260046) No include entries specified; assuming /home/yagna/Code/ML
2025-01-11 15:58:38.905 [info] [Info  - 3:58:38 PM] (260046) Auto-excluding **/node_modules
2025-01-11 15:58:38.905 [info] [Info  - 3:58:38 PM] (260046) Auto-excluding **/__pycache__
2025-01-11 15:58:38.905 [info] [Info  - 3:58:38 PM] (260046) Auto-excluding **/.*
2025-01-11 15:58:38.928 [info] [Info  - 3:58:38 PM] (260046) Assuming Python version 3.13.1.final.0
2025-01-11 15:58:38.976 [info] [Info  - 3:58:38 PM] (260046) Auto-excluding /home/yagna/Code/ML/venv
2025-01-11 15:58:38.977 [info] [Info  - 3:58:38 PM] (260046) Found 2 source files
2025-01-11 15:58:39.301 [info] [Info  - 3:58:39 PM] (260046) Background analysis(1) root directory: file:///home/yagna/.vscode/extensions/ms-python.vscode-pylance-2024.12.1/dist
2025-01-11 15:58:39.302 [info] [Info  - 3:58:39 PM] (260046) Background analysis(1) started
2025-01-11 15:58:39.363 [info] [Info  - 3:58:39 PM] (260046) Indexer background runner(2) root directory: file:///home/yagna/.vscode/extensions/ms-python.vscode-pylance-2024.12.1/dist (index)
2025-01-11 15:58:39.363 [info] [Info  - 3:58:39 PM] (260046) Indexing(2) started
2025-01-11 15:58:39.807 [info] [Info  - 3:58:39 PM] (260046) scanned(2) 274 files over 1 exec env
2025-01-11 15:58:41.526 [info] [Info  - 3:58:41 PM] (260046) indexed(2) 274 files over 1 exec env
2025-01-11 15:58:41.581 [info] [Info  - 3:58:41 PM] (260046) Indexing finished(2).
