2025-01-11 15:45:40.146 [info] [main] Log level: Info
2025-01-11 15:45:40.146 [info] [main] Validating found git in: "git"
2025-01-11 15:45:40.146 [info] [main] Using git "2.48.0" from "git"
2025-01-11 15:45:40.146 [info] [Model][doInitialScan] Initial repository scan started
2025-01-11 15:45:40.146 [info] > git rev-parse --show-toplevel [2ms]
2025-01-11 15:45:40.146 [info] fatal: not a git repository (or any of the parent directories): .git
2025-01-11 15:45:40.146 [info] > git rev-parse --show-toplevel [1ms]
2025-01-11 15:45:40.146 [info] fatal: not a git repository (or any of the parent directories): .git
2025-01-11 15:45:40.146 [info] > git rev-parse --show-toplevel [2ms]
2025-01-11 15:45:40.146 [info] fatal: not a git repository (or any of the parent directories): .git
2025-01-11 15:45:40.146 [info] > git rev-parse --show-toplevel [1ms]
2025-01-11 15:45:40.146 [info] fatal: not a git repository (or any of the parent directories): .git
2025-01-11 15:45:40.146 [info] > git rev-parse --show-toplevel [1ms]
2025-01-11 15:45:40.146 [info] fatal: not a git repository (or any of the parent directories): .git
2025-01-11 15:45:40.146 [info] [Model][doInitialScan] Initial repository scan completed - repositories (0), closed repositories (0), parent repositories (0), unsafe repositories (0)
2025-01-11 15:45:40.236 [info] > git rev-parse --show-toplevel [1ms]
2025-01-11 15:45:40.236 [info] fatal: not a git repository (or any of the parent directories): .git
2025-01-11 15:45:40.645 [info] > git rev-parse --show-toplevel [1ms]
2025-01-11 15:45:40.645 [info] fatal: not a git repository (or any of the parent directories): .git
2025-01-11 15:45:40.696 [info] > git rev-parse --show-toplevel [1ms]
2025-01-11 15:45:40.696 [info] fatal: not a git repository (or any of the parent directories): .git
2025-01-11 15:45:42.602 [info] > git rev-parse --show-toplevel [1ms]
2025-01-11 15:45:42.602 [info] fatal: not a git repository (or any of the parent directories): .git
