2025-01-11 16:01:17.164 [info] (Client) Pylance async client (2024.12.1) started with python extension (2024.22.2)
2025-01-11 16:01:17.542 [info] [Info  - 4:01:17 PM] (277073) Server root directory: file:///home/yagna/.vscode/extensions/ms-python.vscode-pylance-2024.12.1/dist
2025-01-11 16:01:17.542 [info] [Info  - 4:01:17 PM] (277073) Pylance language server 2024.12.1 (pyright version 1.1.389, commit ce1325fc) starting
2025-01-11 16:01:17.542 [info] [Info  - 4:01:17 PM] (277073) Starting service instance "ML"
2025-01-11 16:01:17.577 [info] [Info  - 4:01:17 PM] (277073) Setting environmentName for service "ML": "3.13.1 (global)"
2025-01-11 16:01:17.577 [info] [Info  - 4:01:17 PM] (277073) Setting pythonPath for service "ML": "/usr/sbin/python"
2025-01-11 16:01:17.577 [info] [Info  - 4:01:17 PM] (277073) No include entries specified; assuming /home/yagna/Code/ML
2025-01-11 16:01:17.578 [info] [Info  - 4:01:17 PM] (277073) Auto-excluding **/node_modules
2025-01-11 16:01:17.578 [info] [Info  - 4:01:17 PM] (277073) Auto-excluding **/__pycache__
2025-01-11 16:01:17.578 [info] [Info  - 4:01:17 PM] (277073) Auto-excluding **/.*
2025-01-11 16:01:17.604 [info] [Info  - 4:01:17 PM] (277073) Assuming Python version 3.13.1.final.0
2025-01-11 16:01:17.657 [info] [Info  - 4:01:17 PM] (277073) Auto-excluding /home/yagna/Code/ML/venv
2025-01-11 16:01:17.660 [info] [Info  - 4:01:17 PM] (277073) Found 2 source files
2025-01-11 16:01:18.040 [info] [Info  - 4:01:18 PM] (277073) Background analysis(1) root directory: file:///home/yagna/.vscode/extensions/ms-python.vscode-pylance-2024.12.1/dist
2025-01-11 16:01:18.042 [info] [Info  - 4:01:18 PM] (277073) Background analysis(1) started
2025-01-11 16:01:18.103 [info] [Info  - 4:01:18 PM] (277073) Indexer background runner(2) root directory: file:///home/yagna/.vscode/extensions/ms-python.vscode-pylance-2024.12.1/dist (index)
2025-01-11 16:01:18.103 [info] [Info  - 4:01:18 PM] (277073) Indexing(2) started
2025-01-11 16:01:18.597 [info] [Info  - 4:01:18 PM] (277073) scanned(2) 274 files over 1 exec env
2025-01-11 16:01:18.730 [info] [Info  - 4:01:18 PM] (277073) indexed(2) 274 files over 1 exec env
2025-01-11 16:01:18.784 [info] [Info  - 4:01:18 PM] (277073) Indexing finished(2).
2025-01-11 16:01:29.812 [info] [Info  - 4:01:29 PM] Server process exited successfully
2025-01-11 16:01:30.350 [info] (Client) Pylance async client (2024.12.1) started with python extension (2024.22.2)
2025-01-11 16:01:30.716 [info] [Info  - 4:01:30 PM] (279127) Server root directory: file:///home/yagna/.vscode/extensions/ms-python.vscode-pylance-2024.12.1/dist
2025-01-11 16:01:30.716 [info] [Info  - 4:01:30 PM] (279127) Pylance language server 2024.12.1 (pyright version 1.1.389, commit ce1325fc) starting
2025-01-11 16:01:30.720 [info] [Info  - 4:01:30 PM] (279127) Starting service instance "ML"
2025-01-11 16:01:30.749 [info] [Info  - 4:01:30 PM] (279127) Setting environmentName for service "ML": "3.13.1 (global)"
2025-01-11 16:01:30.749 [info] [Info  - 4:01:30 PM] (279127) Setting pythonPath for service "ML": "/usr/sbin/python"
2025-01-11 16:01:30.749 [info] [Info  - 4:01:30 PM] (279127) No include entries specified; assuming /home/yagna/Code/ML
2025-01-11 16:01:30.750 [info] [Info  - 4:01:30 PM] (279127) Auto-excluding **/node_modules
2025-01-11 16:01:30.750 [info] [Info  - 4:01:30 PM] (279127) Auto-excluding **/__pycache__
2025-01-11 16:01:30.750 [info] [Info  - 4:01:30 PM] (279127) Auto-excluding **/.*
2025-01-11 16:01:30.773 [info] [Info  - 4:01:30 PM] (279127) Assuming Python version 3.13.1.final.0
2025-01-11 16:01:30.819 [info] [Info  - 4:01:30 PM] (279127) Auto-excluding /home/yagna/Code/ML/venv
2025-01-11 16:01:30.821 [info] [Info  - 4:01:30 PM] (279127) Found 2 source files
2025-01-11 16:01:31.198 [info] [Info  - 4:01:31 PM] (279127) Background analysis(1) root directory: file:///home/yagna/.vscode/extensions/ms-python.vscode-pylance-2024.12.1/dist
2025-01-11 16:01:31.199 [info] [Info  - 4:01:31 PM] (279127) Background analysis(1) started
2025-01-11 16:01:31.242 [info] [Info  - 4:01:31 PM] (279127) Indexer background runner(2) root directory: file:///home/yagna/.vscode/extensions/ms-python.vscode-pylance-2024.12.1/dist (index)
2025-01-11 16:01:31.242 [info] [Info  - 4:01:31 PM] (279127) Indexing(2) started
2025-01-11 16:01:31.764 [info] [Info  - 4:01:31 PM] (279127) scanned(2) 274 files over 1 exec env
2025-01-11 16:01:31.886 [info] [Info  - 4:01:31 PM] Server process exited successfully
2025-01-11 16:01:32.428 [info] (Client) Pylance async client (2024.12.1) started with python extension (2024.22.2)
2025-01-11 16:01:32.796 [info] [Info  - 4:01:32 PM] (279171) Server root directory: file:///home/yagna/.vscode/extensions/ms-python.vscode-pylance-2024.12.1/dist
2025-01-11 16:01:32.796 [info] [Info  - 4:01:32 PM] (279171) Pylance language server 2024.12.1 (pyright version 1.1.389, commit ce1325fc) starting
2025-01-11 16:01:32.800 [info] [Info  - 4:01:32 PM] (279171) Starting service instance "ML"
2025-01-11 16:01:32.827 [info] [Info  - 4:01:32 PM] Server process exited successfully
2025-01-11 16:01:33.333 [info] (Client) Pylance async client (2024.12.1) started with python extension (2024.22.2)
2025-01-11 16:01:33.687 [info] [Info  - 4:01:33 PM] (279179) Server root directory: file:///home/yagna/.vscode/extensions/ms-python.vscode-pylance-2024.12.1/dist
2025-01-11 16:01:33.687 [info] [Info  - 4:01:33 PM] (279179) Pylance language server 2024.12.1 (pyright version 1.1.389, commit ce1325fc) starting
2025-01-11 16:01:33.691 [info] [Info  - 4:01:33 PM] (279179) Starting service instance "ML"
2025-01-11 16:01:33.720 [info] [Info  - 4:01:33 PM] (279179) Setting environmentName for service "ML": "3.13.1 (global)"
2025-01-11 16:01:33.720 [info] [Info  - 4:01:33 PM] (279179) Setting pythonPath for service "ML": "/usr/sbin/python"
2025-01-11 16:01:33.721 [info] [Info  - 4:01:33 PM] (279179) No include entries specified; assuming /home/yagna/Code/ML
2025-01-11 16:01:33.721 [info] [Info  - 4:01:33 PM] (279179) Auto-excluding **/node_modules
2025-01-11 16:01:33.721 [info] [Info  - 4:01:33 PM] (279179) Auto-excluding **/__pycache__
2025-01-11 16:01:33.721 [info] [Info  - 4:01:33 PM] (279179) Auto-excluding **/.*
2025-01-11 16:01:33.743 [info] [Info  - 4:01:33 PM] (279179) Assuming Python version 3.13.1.final.0
2025-01-11 16:01:33.788 [info] [Info  - 4:01:33 PM] (279179) Auto-excluding /home/yagna/Code/ML/venv
2025-01-11 16:01:33.789 [info] [Info  - 4:01:33 PM] (279179) Found 2 source files
2025-01-11 16:01:34.160 [info] [Info  - 4:01:34 PM] (279179) Background analysis(1) root directory: file:///home/yagna/.vscode/extensions/ms-python.vscode-pylance-2024.12.1/dist
2025-01-11 16:01:34.161 [info] [Info  - 4:01:34 PM] (279179) Background analysis(1) started
2025-01-11 16:01:34.222 [info] [Info  - 4:01:34 PM] (279179) Indexer background runner(2) root directory: file:///home/yagna/.vscode/extensions/ms-python.vscode-pylance-2024.12.1/dist (index)
2025-01-11 16:01:34.222 [info] [Info  - 4:01:34 PM] (279179) Indexing(2) started
2025-01-11 16:01:34.661 [info] [Info  - 4:01:34 PM] (279179) scanned(2) 274 files over 1 exec env
2025-01-11 16:01:34.781 [info] [Info  - 4:01:34 PM] (279179) indexed(2) 274 files over 1 exec env
2025-01-11 16:01:34.829 [info] [Info  - 4:01:34 PM] (279179) Indexing finished(2).
2025-01-11 16:01:37.294 [info] [Info  - 4:01:37 PM] (279179) Setting environmentName for service "ML": "3.13.1 (global)"
2025-01-11 16:01:37.294 [info] [Info  - 4:01:37 PM] (279179) Setting pythonPath for service "ML": "/usr/sbin/python"
2025-01-11 16:01:37.294 [info] [Info  - 4:01:37 PM] (279179) No include entries specified; assuming /home/yagna/Code/ML
2025-01-11 16:01:37.295 [info] [Info  - 4:01:37 PM] (279179) Auto-excluding **/node_modules
2025-01-11 16:01:37.295 [info] [Info  - 4:01:37 PM] (279179) Auto-excluding **/__pycache__
2025-01-11 16:01:37.295 [info] [Info  - 4:01:37 PM] (279179) Auto-excluding **/.*
2025-01-11 16:01:37.321 [info] [Info  - 4:01:37 PM] (279179) Assuming Python version 3.13.1.final.0
2025-01-11 16:01:37.372 [info] [Info  - 4:01:37 PM] (279179) Auto-excluding /home/yagna/Code/ML/venv
2025-01-11 16:01:37.373 [info] [Info  - 4:01:37 PM] (279179) Found 7 source files
2025-01-11 16:01:37.793 [info] [Info  - 4:01:37 PM] (279179) Indexer background runner(3) root directory: file:///home/yagna/.vscode/extensions/ms-python.vscode-pylance-2024.12.1/dist (index)
2025-01-11 16:01:37.793 [info] [Info  - 4:01:37 PM] (279179) Indexing(3) started
2025-01-11 16:01:38.089 [info] [Info  - 4:01:38 PM] (279179) scanned(3) 274 files over 1 exec env
2025-01-11 16:01:38.254 [info] [Info  - 4:01:38 PM] (279179) indexed(3) 274 files over 1 exec env
2025-01-11 16:01:38.317 [info] [Info  - 4:01:38 PM] (279179) Indexing finished(3).
2025-01-11 16:01:38.354 [info] [Info  - 4:01:38 PM] Server process exited successfully
2025-01-11 16:01:39.016 [info] (Client) Pylance async client (2024.12.1) started with python extension (2024.22.2)
2025-01-11 16:01:39.388 [info] [Info  - 4:01:39 PM] (280005) Server root directory: file:///home/yagna/.vscode/extensions/ms-python.vscode-pylance-2024.12.1/dist
2025-01-11 16:01:39.389 [info] [Info  - 4:01:39 PM] (280005) Pylance language server 2024.12.1 (pyright version 1.1.389, commit ce1325fc) starting
2025-01-11 16:01:39.393 [info] [Info  - 4:01:39 PM] (280005) Starting service instance "ML"
2025-01-11 16:01:39.513 [info] [Info  - 4:01:39 PM] (280005) Setting environmentName for service "ML": "3.13.1 (global)"
2025-01-11 16:01:39.513 [info] [Info  - 4:01:39 PM] (280005) Setting pythonPath for service "ML": "/usr/sbin/python"
2025-01-11 16:01:39.513 [info] [Info  - 4:01:39 PM] (280005) No include entries specified; assuming /home/yagna/Code/ML
2025-01-11 16:01:39.514 [info] [Info  - 4:01:39 PM] (280005) Auto-excluding **/node_modules
2025-01-11 16:01:39.514 [info] [Info  - 4:01:39 PM] (280005) Auto-excluding **/__pycache__
2025-01-11 16:01:39.514 [info] [Info  - 4:01:39 PM] (280005) Auto-excluding **/.*
2025-01-11 16:01:39.539 [info] [Info  - 4:01:39 PM] (280005) Assuming Python version 3.13.1.final.0
2025-01-11 16:01:39.587 [info] [Info  - 4:01:39 PM] (280005) Auto-excluding /home/yagna/Code/ML/venv
2025-01-11 16:01:39.589 [info] [Info  - 4:01:39 PM] (280005) Found 2 source files
2025-01-11 16:01:40.022 [info] [Info  - 4:01:40 PM] (280005) Background analysis(1) root directory: file:///home/yagna/.vscode/extensions/ms-python.vscode-pylance-2024.12.1/dist
2025-01-11 16:01:40.023 [info] [Info  - 4:01:40 PM] (280005) Background analysis(1) started
2025-01-11 16:01:40.095 [info] [Info  - 4:01:40 PM] (280005) Indexer background runner(2) root directory: file:///home/yagna/.vscode/extensions/ms-python.vscode-pylance-2024.12.1/dist (index)
2025-01-11 16:01:40.095 [info] [Info  - 4:01:40 PM] (280005) Indexing(2) started
2025-01-11 16:01:40.979 [info] [Info  - 4:01:40 PM] (280005) scanned(2) 274 files over 1 exec env
2025-01-11 16:01:40.979 [info] [Info  - 4:01:40 PM] (280005) indexed(2) 274 files over 1 exec env
2025-01-11 16:01:40.988 [info] [Info  - 4:01:40 PM] (280005) Indexing finished(2).
2025-01-11 16:04:24.443 [info] [Info  - 4:04:24 PM] Server process exited successfully
2025-01-11 16:04:24.970 [info] (Client) Pylance async client (2024.12.1) started with python extension (2024.22.2)
2025-01-11 16:04:25.304 [info] [Info  - 4:04:25 PM] (294449) Server root directory: file:///home/yagna/.vscode/extensions/ms-python.vscode-pylance-2024.12.1/dist
2025-01-11 16:04:25.304 [info] [Info  - 4:04:25 PM] (294449) Pylance language server 2024.12.1 (pyright version 1.1.389, commit ce1325fc) starting
2025-01-11 16:04:25.308 [info] [Info  - 4:04:25 PM] (294449) Starting service instance "ML"
2025-01-11 16:04:25.341 [info] [Info  - 4:04:25 PM] (294449) Setting environmentName for service "ML": "3.13.1 (global)"
2025-01-11 16:04:25.341 [info] [Info  - 4:04:25 PM] (294449) Setting pythonPath for service "ML": "/usr/sbin/python"
2025-01-11 16:04:25.341 [info] [Info  - 4:04:25 PM] (294449) No include entries specified; assuming /home/yagna/Code/ML
2025-01-11 16:04:25.342 [info] [Info  - 4:04:25 PM] (294449) Auto-excluding **/node_modules
2025-01-11 16:04:25.342 [info] [Info  - 4:04:25 PM] (294449) Auto-excluding **/__pycache__
2025-01-11 16:04:25.342 [info] [Info  - 4:04:25 PM] (294449) Auto-excluding **/.*
2025-01-11 16:04:25.362 [info] [Info  - 4:04:25 PM] (294449) Assuming Python version 3.13.1.final.0
2025-01-11 16:04:25.408 [info] [Info  - 4:04:25 PM] (294449) Auto-excluding /home/yagna/Code/ML/venv
2025-01-11 16:04:25.409 [info] [Info  - 4:04:25 PM] (294449) Found 2 source files
2025-01-11 16:04:25.733 [info] [Info  - 4:04:25 PM] (294449) Background analysis(1) root directory: file:///home/yagna/.vscode/extensions/ms-python.vscode-pylance-2024.12.1/dist
2025-01-11 16:04:25.735 [info] [Info  - 4:04:25 PM] (294449) Background analysis(1) started
2025-01-11 16:04:25.792 [info] [Info  - 4:04:25 PM] (294449) Indexer background runner(2) root directory: file:///home/yagna/.vscode/extensions/ms-python.vscode-pylance-2024.12.1/dist (index)
2025-01-11 16:04:25.793 [info] [Info  - 4:04:25 PM] (294449) Indexing(2) started
2025-01-11 16:04:26.186 [info] [Info  - 4:04:26 PM] (294449) scanned(2) 274 files over 1 exec env
2025-01-11 16:04:26.299 [info] [Info  - 4:04:26 PM] (294449) indexed(2) 274 files over 1 exec env
2025-01-11 16:04:26.352 [info] [Info  - 4:04:26 PM] (294449) Indexing finished(2).
2025-01-11 16:05:24.337 [info] [Info  - 4:05:24 PM] Server process exited successfully
2025-01-11 16:05:24.945 [info] (Client) Pylance async client (2024.12.1) started with python extension (2024.22.2)
2025-01-11 16:05:25.359 [info] [Info  - 4:05:25 PM] (299341) Server root directory: file:///home/yagna/.vscode/extensions/ms-python.vscode-pylance-2024.12.1/dist
2025-01-11 16:05:25.359 [info] [Info  - 4:05:25 PM] (299341) Pylance language server 2024.12.1 (pyright version 1.1.389, commit ce1325fc) starting
2025-01-11 16:05:25.363 [info] [Info  - 4:05:25 PM] (299341) Starting service instance "ML"
2025-01-11 16:05:25.398 [info] [Info  - 4:05:25 PM] (299341) Setting environmentName for service "ML": "3.13.1 (global)"
2025-01-11 16:05:25.398 [info] [Info  - 4:05:25 PM] (299341) Setting pythonPath for service "ML": "/usr/sbin/python"
2025-01-11 16:05:25.399 [info] [Info  - 4:05:25 PM] (299341) No include entries specified; assuming /home/yagna/Code/ML
2025-01-11 16:05:25.399 [info] [Info  - 4:05:25 PM] (299341) Auto-excluding **/node_modules
2025-01-11 16:05:25.399 [info] [Info  - 4:05:25 PM] (299341) Auto-excluding **/__pycache__
2025-01-11 16:05:25.399 [info] [Info  - 4:05:25 PM] (299341) Auto-excluding **/.*
2025-01-11 16:05:25.424 [info] [Info  - 4:05:25 PM] (299341) Assuming Python version 3.13.1.final.0
2025-01-11 16:05:25.477 [info] [Info  - 4:05:25 PM] (299341) Auto-excluding /home/yagna/Code/ML/venv
2025-01-11 16:05:25.479 [info] [Info  - 4:05:25 PM] (299341) Found 2 source files
2025-01-11 16:05:25.487 [info] [Info  - 4:05:25 PM] (299341) Starting service instance "ML"
2025-01-11 16:05:25.501 [info] [Info  - 4:05:25 PM] (299341) Setting environmentName for service "ML": "3.13.1 (global)"
2025-01-11 16:05:25.501 [info] [Info  - 4:05:25 PM] (299341) Setting pythonPath for service "ML": "/bin/python"
2025-01-11 16:05:25.501 [info] [Info  - 4:05:25 PM] (299341) No include entries specified; assuming /home/yagna/Code/ML
2025-01-11 16:05:25.502 [info] [Info  - 4:05:25 PM] (299341) Auto-excluding **/node_modules
2025-01-11 16:05:25.502 [info] [Info  - 4:05:25 PM] (299341) Auto-excluding **/__pycache__
2025-01-11 16:05:25.502 [info] [Info  - 4:05:25 PM] (299341) Auto-excluding **/.*
2025-01-11 16:05:25.527 [info] [Info  - 4:05:25 PM] (299341) Assuming Python version 3.13.1.final.0
2025-01-11 16:05:25.605 [info] [Info  - 4:05:25 PM] (299341) Auto-excluding /home/yagna/Code/ML/venv
2025-01-11 16:05:25.607 [info] [Info  - 4:05:25 PM] (299341) Found 2 source files
2025-01-11 16:05:25.948 [info] [Info  - 4:05:25 PM] (299341) Background analysis(1) root directory: file:///home/yagna/.vscode/extensions/ms-python.vscode-pylance-2024.12.1/dist
2025-01-11 16:05:25.950 [info] [Info  - 4:05:25 PM] (299341) Background analysis(1) started
2025-01-11 16:05:26.030 [info] [Info  - 4:05:26 PM] (299341) Background analysis(2) root directory: file:///home/yagna/.vscode/extensions/ms-python.vscode-pylance-2024.12.1/dist
2025-01-11 16:05:26.033 [info] [Info  - 4:05:26 PM] (299341) Background analysis(2) started
2025-01-11 16:05:26.103 [info] [Info  - 4:05:26 PM] (299341) Indexer background runner(3) root directory: file:///home/yagna/.vscode/extensions/ms-python.vscode-pylance-2024.12.1/dist (index)
2025-01-11 16:05:26.103 [info] [Info  - 4:05:26 PM] (299341) Indexing(3) started
2025-01-11 16:05:26.582 [info] [Info  - 4:05:26 PM] (299341) scanned(3) 274 files over 1 exec env
2025-01-11 16:05:26.739 [info] [Info  - 4:05:26 PM] (299341) indexed(3) 274 files over 1 exec env
2025-01-11 16:05:26.816 [info] [Info  - 4:05:26 PM] (299341) Indexing finished(3).
2025-01-11 16:05:27.390 [info] [Info  - 4:05:27 PM] (299341) Setting environmentName for service "ML": "3.13.1 (global)"
2025-01-11 16:05:27.390 [info] [Info  - 4:05:27 PM] (299341) Setting pythonPath for service "ML": "/usr/sbin/python"
2025-01-11 16:05:27.390 [info] [Info  - 4:05:27 PM] (299341) No include entries specified; assuming /home/yagna/Code/ML
2025-01-11 16:05:27.390 [info] [Info  - 4:05:27 PM] (299341) Auto-excluding **/node_modules
2025-01-11 16:05:27.390 [info] [Info  - 4:05:27 PM] (299341) Auto-excluding **/__pycache__
2025-01-11 16:05:27.390 [info] [Info  - 4:05:27 PM] (299341) Auto-excluding **/.*
2025-01-11 16:05:27.414 [info] [Info  - 4:05:27 PM] (299341) Assuming Python version 3.13.1.final.0
2025-01-11 16:05:27.455 [info] [Info  - 4:05:27 PM] (299341) Auto-excluding /home/yagna/Code/ML/venv
2025-01-11 16:05:27.455 [info] [Info  - 4:05:27 PM] (299341) Found 2 source files
2025-01-11 16:05:27.467 [info] [Info  - 4:05:27 PM] (299341) Setting environmentName for service "ML": "3.13.1 (global)"
2025-01-11 16:05:27.467 [info] [Info  - 4:05:27 PM] (299341) Setting pythonPath for service "ML": "/bin/python"
2025-01-11 16:05:27.467 [info] [Info  - 4:05:27 PM] (299341) No include entries specified; assuming /home/yagna/Code/ML
2025-01-11 16:05:27.467 [info] [Info  - 4:05:27 PM] (299341) Auto-excluding **/node_modules
2025-01-11 16:05:27.468 [info] [Info  - 4:05:27 PM] (299341) Auto-excluding **/__pycache__
2025-01-11 16:05:27.468 [info] [Info  - 4:05:27 PM] (299341) Auto-excluding **/.*
2025-01-11 16:05:27.495 [info] [Info  - 4:05:27 PM] (299341) Assuming Python version 3.13.1.final.0
2025-01-11 16:05:27.533 [info] [Info  - 4:05:27 PM] (299341) Auto-excluding /home/yagna/Code/ML/venv
2025-01-11 16:05:27.534 [info] [Info  - 4:05:27 PM] (299341) Found 7 source files
2025-01-11 16:05:27.634 [info] [Info  - 4:05:27 PM] Server process exited successfully
2025-01-11 16:05:29.013 [info] (Client) Pylance async client (2024.12.1) started with python extension (2024.22.2)
2025-01-11 16:05:30.143 [info] [Info  - 4:05:30 PM] (299433) Server root directory: file:///home/yagna/.vscode/extensions/ms-python.vscode-pylance-2024.12.1/dist
2025-01-11 16:05:30.167 [info] [Info  - 4:05:30 PM] (299433) Pylance language server 2024.12.1 (pyright version 1.1.389, commit ce1325fc) starting
2025-01-11 16:05:30.169 [info] [Info  - 4:05:30 PM] (299433) Starting service instance "ML"
2025-01-11 16:05:30.285 [info] [Info  - 4:05:30 PM] Server process exited successfully
2025-01-11 16:05:30.789 [info] (Client) Pylance async client (2024.12.1) started with python extension (2024.22.2)
2025-01-11 16:05:31.167 [info] [Info  - 4:05:31 PM] (299492) Server root directory: file:///home/yagna/.vscode/extensions/ms-python.vscode-pylance-2024.12.1/dist
2025-01-11 16:05:31.168 [info] [Info  - 4:05:31 PM] (299492) Pylance language server 2024.12.1 (pyright version 1.1.389, commit ce1325fc) starting
2025-01-11 16:05:31.171 [info] [Info  - 4:05:31 PM] (299492) Starting service instance "ML"
2025-01-11 16:05:31.204 [info] [Info  - 4:05:31 PM] Server process exited successfully
2025-01-11 16:05:31.710 [info] (Client) Pylance async client (2024.12.1) started with python extension (2024.22.2)
2025-01-11 16:05:32.103 [info] [Info  - 4:05:32 PM] (299514) Server root directory: file:///home/yagna/.vscode/extensions/ms-python.vscode-pylance-2024.12.1/dist
2025-01-11 16:05:32.104 [info] [Info  - 4:05:32 PM] (299514) Pylance language server 2024.12.1 (pyright version 1.1.389, commit ce1325fc) starting
2025-01-11 16:05:32.108 [info] [Info  - 4:05:32 PM] (299514) Starting service instance "ML"
2025-01-11 16:05:32.139 [info] [Info  - 4:05:32 PM] Server process exited successfully
2025-01-11 16:05:32.646 [info] (Client) Pylance async client (2024.12.1) started with python extension (2024.22.2)
2025-01-11 16:05:33.014 [info] [Info  - 4:05:33 PM] (299526) Server root directory: file:///home/yagna/.vscode/extensions/ms-python.vscode-pylance-2024.12.1/dist
2025-01-11 16:05:33.015 [info] [Info  - 4:05:33 PM] (299526) Pylance language server 2024.12.1 (pyright version 1.1.389, commit ce1325fc) starting
2025-01-11 16:05:33.018 [info] [Info  - 4:05:33 PM] (299526) Starting service instance "ML"
2025-01-11 16:05:33.049 [info] [Info  - 4:05:33 PM] Server process exited successfully
2025-01-11 16:05:33.555 [info] (Client) Pylance async client (2024.12.1) started with python extension (2024.22.2)
2025-01-11 16:05:33.930 [info] [Info  - 4:05:33 PM] (299548) Server root directory: file:///home/yagna/.vscode/extensions/ms-python.vscode-pylance-2024.12.1/dist
2025-01-11 16:05:33.931 [info] [Info  - 4:05:33 PM] (299548) Pylance language server 2024.12.1 (pyright version 1.1.389, commit ce1325fc) starting
2025-01-11 16:05:33.935 [info] [Info  - 4:05:33 PM] (299548) Starting service instance "ML"
2025-01-11 16:05:33.962 [info] [Info  - 4:05:33 PM] Server process exited successfully
2025-01-11 16:05:34.467 [info] (Client) Pylance async client (2024.12.1) started with python extension (2024.22.2)
2025-01-11 16:05:34.837 [info] [Info  - 4:05:34 PM] (299556) Server root directory: file:///home/yagna/.vscode/extensions/ms-python.vscode-pylance-2024.12.1/dist
2025-01-11 16:05:34.838 [info] [Info  - 4:05:34 PM] (299556) Pylance language server 2024.12.1 (pyright version 1.1.389, commit ce1325fc) starting
2025-01-11 16:05:34.841 [info] [Info  - 4:05:34 PM] (299556) Starting service instance "ML"
2025-01-11 16:05:34.875 [info] [Info  - 4:05:34 PM] (299556) Setting environmentName for service "ML": "3.13.1 (global)"
2025-01-11 16:05:34.875 [info] [Info  - 4:05:34 PM] (299556) Setting pythonPath for service "ML": "/usr/sbin/python"
2025-01-11 16:05:34.876 [info] [Info  - 4:05:34 PM] (299556) No include entries specified; assuming /home/yagna/Code/ML
2025-01-11 16:05:34.876 [info] [Info  - 4:05:34 PM] (299556) Auto-excluding **/node_modules
2025-01-11 16:05:34.876 [info] [Info  - 4:05:34 PM] (299556) Auto-excluding **/__pycache__
2025-01-11 16:05:34.876 [info] [Info  - 4:05:34 PM] (299556) Auto-excluding **/.*
2025-01-11 16:05:34.897 [info] [Info  - 4:05:34 PM] (299556) Assuming Python version 3.13.1.final.0
2025-01-11 16:05:34.946 [info] [Info  - 4:05:34 PM] (299556) Auto-excluding /home/yagna/Code/ML/venv
2025-01-11 16:05:34.948 [info] [Info  - 4:05:34 PM] (299556) Found 2 source files
2025-01-11 16:05:34.955 [info] [Info  - 4:05:34 PM] (299556) Starting service instance "ML"
2025-01-11 16:05:34.969 [info] [Info  - 4:05:34 PM] (299556) Setting environmentName for service "ML": "3.13.1 (global)"
2025-01-11 16:05:34.969 [info] [Info  - 4:05:34 PM] (299556) Setting pythonPath for service "ML": "/bin/python"
2025-01-11 16:05:34.969 [info] [Info  - 4:05:34 PM] (299556) No include entries specified; assuming /home/yagna/Code/ML
2025-01-11 16:05:34.969 [info] [Info  - 4:05:34 PM] (299556) Auto-excluding **/node_modules
2025-01-11 16:05:34.969 [info] [Info  - 4:05:34 PM] (299556) Auto-excluding **/__pycache__
2025-01-11 16:05:34.970 [info] [Info  - 4:05:34 PM] (299556) Auto-excluding **/.*
2025-01-11 16:05:35.000 [info] [Info  - 4:05:35 PM] (299556) Assuming Python version 3.13.1.final.0
2025-01-11 16:05:35.033 [info] [Info  - 4:05:35 PM] (299556) Auto-excluding /home/yagna/Code/ML/venv
2025-01-11 16:05:35.033 [info] [Info  - 4:05:35 PM] (299556) Found 2 source files
2025-01-11 16:05:35.363 [info] [Info  - 4:05:35 PM] (299556) Background analysis(1) root directory: file:///home/yagna/.vscode/extensions/ms-python.vscode-pylance-2024.12.1/dist
2025-01-11 16:05:35.365 [info] [Info  - 4:05:35 PM] (299556) Background analysis(1) started
2025-01-11 16:05:35.479 [info] [Info  - 4:05:35 PM] (299556) Background analysis(2) root directory: file:///home/yagna/.vscode/extensions/ms-python.vscode-pylance-2024.12.1/dist
2025-01-11 16:05:35.481 [info] [Info  - 4:05:35 PM] (299556) Background analysis(2) started
2025-01-11 16:05:35.519 [info] [Info  - 4:05:35 PM] (299556) Indexer background runner(3) root directory: file:///home/yagna/.vscode/extensions/ms-python.vscode-pylance-2024.12.1/dist (index)
2025-01-11 16:05:35.519 [info] [Info  - 4:05:35 PM] (299556) Indexing(3) started
2025-01-11 16:05:35.988 [info] [Info  - 4:05:35 PM] (299556) scanned(3) 274 files over 1 exec env
2025-01-11 16:05:36.112 [info] [Info  - 4:05:36 PM] (299556) indexed(3) 274 files over 1 exec env
2025-01-11 16:05:36.166 [info] [Info  - 4:05:36 PM] (299556) Indexing finished(3).
2025-01-11 16:05:43.549 [info] (Client) Pylance async client (2024.12.1) started with python extension (2024.22.2)
2025-01-11 16:05:43.969 [info] [Info  - 4:05:43 PM] (300386) Server root directory: file:///home/yagna/.vscode/extensions/ms-python.vscode-pylance-2024.12.1/dist
2025-01-11 16:05:43.970 [info] [Info  - 4:05:43 PM] (300386) Pylance language server 2024.12.1 (pyright version 1.1.389, commit ce1325fc) starting
2025-01-11 16:05:43.974 [info] [Info  - 4:05:43 PM] (300386) Starting service instance "ML"
2025-01-11 16:05:44.023 [info] [Info  - 4:05:44 PM] (300386) Setting environmentName for service "ML": "3.13.1 (global)"
2025-01-11 16:05:44.023 [info] [Info  - 4:05:44 PM] (300386) Setting pythonPath for service "ML": "/usr/sbin/python"
2025-01-11 16:05:44.023 [info] [Info  - 4:05:44 PM] (300386) No include entries specified; assuming /home/yagna/Code/ML
2025-01-11 16:05:44.024 [info] [Info  - 4:05:44 PM] (300386) Auto-excluding **/node_modules
2025-01-11 16:05:44.024 [info] [Info  - 4:05:44 PM] (300386) Auto-excluding **/__pycache__
2025-01-11 16:05:44.024 [info] [Info  - 4:05:44 PM] (300386) Auto-excluding **/.*
2025-01-11 16:05:44.046 [info] [Info  - 4:05:44 PM] (300386) Assuming Python version 3.13.1.final.0
2025-01-11 16:05:44.096 [info] [Info  - 4:05:44 PM] (300386) Auto-excluding /home/yagna/Code/ML/venv
2025-01-11 16:05:44.097 [info] [Info  - 4:05:44 PM] (300386) Found 2 source files
2025-01-11 16:05:44.104 [info] [Info  - 4:05:44 PM] (300386) Starting service instance "ML"
2025-01-11 16:05:44.122 [info] [Info  - 4:05:44 PM] (300386) Setting environmentName for service "ML": "3.13.1 (global)"
2025-01-11 16:05:44.122 [info] [Info  - 4:05:44 PM] (300386) Setting pythonPath for service "ML": "/bin/python"
2025-01-11 16:05:44.122 [info] [Info  - 4:05:44 PM] (300386) No include entries specified; assuming /home/yagna/Code/ML
2025-01-11 16:05:44.122 [info] [Info  - 4:05:44 PM] (300386) Auto-excluding **/node_modules
2025-01-11 16:05:44.122 [info] [Info  - 4:05:44 PM] (300386) Auto-excluding **/__pycache__
2025-01-11 16:05:44.122 [info] [Info  - 4:05:44 PM] (300386) Auto-excluding **/.*
2025-01-11 16:05:44.148 [info] [Info  - 4:05:44 PM] (300386) Assuming Python version 3.13.1.final.0
2025-01-11 16:05:44.192 [info] [Info  - 4:05:44 PM] (300386) Auto-excluding /home/yagna/Code/ML/venv
2025-01-11 16:05:44.194 [info] [Info  - 4:05:44 PM] (300386) Found 2 source files
2025-01-11 16:05:44.504 [info] [Info  - 4:05:44 PM] (300386) Background analysis(1) root directory: file:///home/yagna/.vscode/extensions/ms-python.vscode-pylance-2024.12.1/dist
2025-01-11 16:05:44.508 [info] [Info  - 4:05:44 PM] (300386) Background analysis(1) started
2025-01-11 16:05:44.753 [info] [Info  - 4:05:44 PM] (300386) Background analysis(2) root directory: file:///home/yagna/.vscode/extensions/ms-python.vscode-pylance-2024.12.1/dist
2025-01-11 16:05:44.754 [info] [Info  - 4:05:44 PM] (300386) Background analysis(2) started
2025-01-11 16:05:44.754 [info] [Info  - 4:05:44 PM] (300386) Indexer background runner(3) root directory: file:///home/yagna/.vscode/extensions/ms-python.vscode-pylance-2024.12.1/dist (index)
2025-01-11 16:05:44.754 [info] [Info  - 4:05:44 PM] (300386) Indexing(3) started
2025-01-11 16:05:45.242 [info] [Info  - 4:05:45 PM] (300386) scanned(3) 274 files over 1 exec env
2025-01-11 16:05:45.375 [info] [Info  - 4:05:45 PM] (300386) indexed(3) 274 files over 1 exec env
2025-01-11 16:05:45.429 [info] [Info  - 4:05:45 PM] (300386) Indexing finished(3).
2025-01-11 16:05:50.182 [info] [Info  - 4:05:50 PM] Server process exited successfully
2025-01-11 16:05:50.814 [info] (Client) Pylance async client (2024.12.1) started with python extension (2024.22.2)
2025-01-11 16:05:51.194 [info] [Info  - 4:05:51 PM] (301814) Server root directory: file:///home/yagna/.vscode/extensions/ms-python.vscode-pylance-2024.12.1/dist
2025-01-11 16:05:51.194 [info] [Info  - 4:05:51 PM] (301814) Pylance language server 2024.12.1 (pyright version 1.1.389, commit ce1325fc) starting
2025-01-11 16:05:51.198 [info] [Info  - 4:05:51 PM] (301814) Starting service instance "ML"
2025-01-11 16:05:51.238 [info] [Info  - 4:05:51 PM] (301814) Setting environmentName for service "ML": "3.13.1 (global)"
2025-01-11 16:05:51.238 [info] [Info  - 4:05:51 PM] (301814) Setting pythonPath for service "ML": "/usr/sbin/python"
2025-01-11 16:05:51.238 [info] [Info  - 4:05:51 PM] (301814) No include entries specified; assuming /home/yagna/Code/ML
2025-01-11 16:05:51.239 [info] [Info  - 4:05:51 PM] (301814) Auto-excluding **/node_modules
2025-01-11 16:05:51.239 [info] [Info  - 4:05:51 PM] (301814) Auto-excluding **/__pycache__
2025-01-11 16:05:51.239 [info] [Info  - 4:05:51 PM] (301814) Auto-excluding **/.*
2025-01-11 16:05:51.262 [info] [Info  - 4:05:51 PM] (301814) Assuming Python version 3.13.1.final.0
2025-01-11 16:05:51.309 [info] [Info  - 4:05:51 PM] (301814) Auto-excluding /home/yagna/Code/ML/venv
2025-01-11 16:05:51.312 [info] [Info  - 4:05:51 PM] (301814) Found 2 source files
2025-01-11 16:05:51.319 [info] [Info  - 4:05:51 PM] (301814) Starting service instance "ML"
2025-01-11 16:05:51.337 [info] [Info  - 4:05:51 PM] (301814) Setting environmentName for service "ML": "3.13.1 (global)"
2025-01-11 16:05:51.337 [info] [Info  - 4:05:51 PM] (301814) Setting pythonPath for service "ML": "/bin/python"
2025-01-11 16:05:51.337 [info] [Info  - 4:05:51 PM] (301814) No include entries specified; assuming /home/yagna/Code/ML
2025-01-11 16:05:51.338 [info] [Info  - 4:05:51 PM] (301814) Auto-excluding **/node_modules
2025-01-11 16:05:51.338 [info] [Info  - 4:05:51 PM] (301814) Auto-excluding **/__pycache__
2025-01-11 16:05:51.338 [info] [Info  - 4:05:51 PM] (301814) Auto-excluding **/.*
2025-01-11 16:05:51.364 [info] [Info  - 4:05:51 PM] (301814) Assuming Python version 3.13.1.final.0
2025-01-11 16:05:51.410 [info] [Info  - 4:05:51 PM] (301814) Auto-excluding /home/yagna/Code/ML/venv
2025-01-11 16:05:51.411 [info] [Info  - 4:05:51 PM] (301814) Found 2 source files
2025-01-11 16:05:51.845 [info] [Info  - 4:05:51 PM] (301814) Background analysis(1) root directory: file:///home/yagna/.vscode/extensions/ms-python.vscode-pylance-2024.12.1/dist
2025-01-11 16:05:51.845 [info] [Info  - 4:05:51 PM] (301814) Background analysis(1) started
2025-01-11 16:05:51.879 [info] [Info  - 4:05:51 PM] (301814) Background analysis(2) root directory: file:///home/yagna/.vscode/extensions/ms-python.vscode-pylance-2024.12.1/dist
2025-01-11 16:05:51.882 [info] [Info  - 4:05:51 PM] (301814) Background analysis(2) started
2025-01-11 16:05:51.912 [info] [Info  - 4:05:51 PM] (301814) Indexer background runner(3) root directory: file:///home/yagna/.vscode/extensions/ms-python.vscode-pylance-2024.12.1/dist (index)
2025-01-11 16:05:51.912 [info] [Info  - 4:05:51 PM] (301814) Indexing(3) started
2025-01-11 16:05:52.437 [info] [Info  - 4:05:52 PM] (301814) scanned(3) 274 files over 1 exec env
2025-01-11 16:05:52.557 [info] [Info  - 4:05:52 PM] (301814) indexed(3) 274 files over 1 exec env
2025-01-11 16:05:52.609 [info] [Info  - 4:05:52 PM] (301814) Indexing finished(3).
2025-01-11 16:07:02.354 [info] [Info  - 4:07:02 PM] Server process exited successfully
2025-01-11 16:07:02.875 [info] (Client) Pylance async client (2024.12.1) started with python extension (2024.22.2)
2025-01-11 16:07:03.224 [info] [Info  - 4:07:03 PM] (306412) Server root directory: file:///home/yagna/.vscode/extensions/ms-python.vscode-pylance-2024.12.1/dist
2025-01-11 16:07:03.224 [info] [Info  - 4:07:03 PM] (306412) Pylance language server 2024.12.1 (pyright version 1.1.389, commit ce1325fc) starting
2025-01-11 16:07:03.228 [info] [Info  - 4:07:03 PM] (306412) Starting service instance "ML"
2025-01-11 16:07:03.269 [info] [Info  - 4:07:03 PM] (306412) Setting environmentName for service "ML": "3.13.1 (global)"
2025-01-11 16:07:03.269 [info] [Info  - 4:07:03 PM] (306412) Setting pythonPath for service "ML": "/usr/sbin/python"
2025-01-11 16:07:03.269 [info] [Info  - 4:07:03 PM] (306412) No include entries specified; assuming /home/yagna/Code/ML
2025-01-11 16:07:03.270 [info] [Info  - 4:07:03 PM] (306412) Auto-excluding **/node_modules
2025-01-11 16:07:03.270 [info] [Info  - 4:07:03 PM] (306412) Auto-excluding **/__pycache__
2025-01-11 16:07:03.270 [info] [Info  - 4:07:03 PM] (306412) Auto-excluding **/.*
2025-01-11 16:07:03.292 [info] [Info  - 4:07:03 PM] (306412) Assuming Python version 3.13.1.final.0
2025-01-11 16:07:03.336 [info] [Info  - 4:07:03 PM] (306412) Auto-excluding /home/yagna/Code/ML/venv
2025-01-11 16:07:03.338 [info] [Info  - 4:07:03 PM] (306412) Found 2 source files
2025-01-11 16:07:03.345 [info] [Info  - 4:07:03 PM] (306412) Starting service instance "ML"
2025-01-11 16:07:03.361 [info] [Info  - 4:07:03 PM] (306412) Setting environmentName for service "ML": "3.13.1 (global)"
2025-01-11 16:07:03.362 [info] [Info  - 4:07:03 PM] (306412) Setting pythonPath for service "ML": "/bin/python"
2025-01-11 16:07:03.362 [info] [Info  - 4:07:03 PM] (306412) No include entries specified; assuming /home/yagna/Code/ML
2025-01-11 16:07:03.362 [info] [Info  - 4:07:03 PM] (306412) Auto-excluding **/node_modules
2025-01-11 16:07:03.362 [info] [Info  - 4:07:03 PM] (306412) Auto-excluding **/__pycache__
2025-01-11 16:07:03.362 [info] [Info  - 4:07:03 PM] (306412) Auto-excluding **/.*
2025-01-11 16:07:03.384 [info] [Info  - 4:07:03 PM] (306412) Assuming Python version 3.13.1.final.0
2025-01-11 16:07:03.421 [info] [Info  - 4:07:03 PM] (306412) Auto-excluding /home/yagna/Code/ML/venv
2025-01-11 16:07:03.423 [info] [Info  - 4:07:03 PM] (306412) Found 2 source files
2025-01-11 16:07:03.741 [info] [Info  - 4:07:03 PM] (306412) Background analysis(1) root directory: file:///home/yagna/.vscode/extensions/ms-python.vscode-pylance-2024.12.1/dist
2025-01-11 16:07:03.741 [info] [Info  - 4:07:03 PM] (306412) Background analysis(1) started
2025-01-11 16:07:03.814 [info] [Info  - 4:07:03 PM] (306412) Background analysis(2) root directory: file:///home/yagna/.vscode/extensions/ms-python.vscode-pylance-2024.12.1/dist
2025-01-11 16:07:03.816 [info] [Info  - 4:07:03 PM] (306412) Background analysis(2) started
2025-01-11 16:07:03.851 [info] [Info  - 4:07:03 PM] (306412) Indexer background runner(3) root directory: file:///home/yagna/.vscode/extensions/ms-python.vscode-pylance-2024.12.1/dist (index)
2025-01-11 16:07:03.851 [info] [Info  - 4:07:03 PM] (306412) Indexing(3) started
2025-01-11 16:07:04.272 [info] [Info  - 4:07:04 PM] (306412) scanned(3) 274 files over 1 exec env
2025-01-11 16:07:04.397 [info] [Info  - 4:07:04 PM] (306412) indexed(3) 274 files over 1 exec env
2025-01-11 16:07:04.446 [info] [Info  - 4:07:04 PM] (306412) Indexing finished(3).
