2025-01-11 16:01:16.194 [info] Experiment 'pythonRecommendTensorboardExt' is active
2025-01-11 16:01:16.194 [info] Experiment 'pythonTerminalEnvVarActivation' is active
2025-01-11 16:01:16.194 [info] Experiment 'pythonTestAdapter' is active
2025-01-11 16:01:16.194 [warning] Dir "/home/yagna/Code/ML/.pixi/envs" is not watchable (directory does not exist)
2025-01-11 16:01:16.194 [info] Python interpreter path: /usr/sbin/python
2025-01-11 16:01:16.584 [info] > pyenv which python
2025-01-11 16:01:16.584 [info] cwd: .
2025-01-11 16:01:17.552 [info] Starting Pylance language server.
2025-01-11 16:01:38.367 [info] Discover tests for workspace name: ML - uri: /home/yagna/Code/ML
2025-01-11 16:01:50.134 [info] Discover tests for workspace name: undefined - uri: /home/yagna/.config/Code/User/settings.json
2025-01-11 16:02:00.635 [info] Discover tests for workspace name: undefined - uri: /home/yagna/.config/Code/User/settings.json
2025-01-11 16:02:15.249 [info] Discover tests for workspace name: undefined - uri: /home/yagna/.config/Code/User/settings.json
2025-01-11 16:02:27.237 [info] Discover tests for workspace name: undefined - uri: /home/yagna/.config/Code/User/settings.json
2025-01-11 16:04:24.947 [info] Discover tests for workspace name: undefined - uri: /home/yagna/.config/Code/User/settings.json
2025-01-11 16:04:26.674 [info] Discover tests for workspace name: undefined - uri: /home/yagna/.config/Code/User/settings.json
2025-01-11 16:04:46.255 [info] Discover tests for workspace name: undefined - uri: /home/yagna/.config/Code/User/settings.json
2025-01-11 16:04:52.923 [info] Discover tests for workspace name: undefined - uri: /home/yagna/.config/Code/User/settings.json
2025-01-11 16:05:24.767 [info] > conda info --json
2025-01-11 16:05:24.820 [info] > ~/.conda/bin/conda info --json
2025-01-11 16:05:24.853 [info] > ~/Code/miniconda3/bin/conda info --json
2025-01-11 16:05:24.865 [info] > ~/Code/miniconda3/envs/DataScience/bin/conda info --json
2025-01-11 16:05:24.875 [info] > ~/.cache/yay/anaconda/pkg/anaconda/opt/anaconda/bin/conda info --json
2025-01-11 16:05:39.771 [info] Experiment 'pythonRecommendTensorboardExt' is active
2025-01-11 16:05:39.771 [info] Experiment 'pythonTerminalEnvVarActivation' is active
2025-01-11 16:05:39.771 [info] Experiment 'pythonTestAdapter' is active
2025-01-11 16:05:39.771 [info] Native locator: Refresh started
2025-01-11 16:05:40.918 [info] > pyenv which python
2025-01-11 16:05:40.918 [info] cwd: .
2025-01-11 16:05:41.706 [info] > conda info --json
2025-01-11 16:05:41.842 [info] > ~/.conda/bin/conda info --json
2025-01-11 16:05:41.890 [info] > ~/Code/miniconda3/bin/conda info --json
2025-01-11 16:05:41.910 [info] > ~/Code/miniconda3/envs/DataScience/bin/conda info --json
2025-01-11 16:05:41.929 [info] > ~/.cache/yay/anaconda/pkg/anaconda/opt/anaconda/bin/conda info --json
2025-01-11 16:05:43.007 [info] Python interpreter path: /usr/sbin/python
2025-01-11 16:05:43.092 [info] Native locator: Refresh finished in 3818 ms
2025-01-11 16:05:43.988 [info] Starting Pylance language server.
2025-01-11 16:06:43.149 [info] Discover tests for workspace name: undefined - uri: /home/yagna/.config/Code/User/settings.json
2025-01-11 16:07:07.958 [info] Discover tests for workspace name: undefined - uri: /home/yagna/.config/Code/User/settings.json
2025-01-11 16:08:19.785 [info] Discover tests for workspace name: undefined - uri: /home/yagna/.config/Code/User/settings.json
2025-01-11 16:08:50.650 [info] Discover tests for workspace name: undefined - uri: /home/yagna/.config/Code/User/settings.json
2025-01-11 16:08:56.611 [info] Native locator: Refresh started
2025-01-11 16:08:56.755 [info] Native locator: Refresh finished in 144 ms
2025-01-11 16:09:07.769 [info] Discover tests for workspace name: undefined - uri: /home/yagna/.config/Code/User/settings.json
2025-01-11 16:09:28.530 [info] Discover tests for workspace name: undefined - uri: /home/yagna/.config/Code/User/settings.json
2025-01-11 16:11:06.698 [info] Discover tests for workspace name: undefined - uri: /home/yagna/.config/Code/User/settings.json
