2025-01-11 16:01:15.688 [info] Reading sessions from keychain...
2025-01-11 16:01:15.688 [info] Getting sessions for all scopes...
2025-01-11 16:01:15.688 [info] Getting sessions for all scopes...
2025-01-11 16:01:15.688 [info] Getting sessions for all scopes...
2025-01-11 16:01:15.688 [info] Got 0 sessions for ...
2025-01-11 16:01:15.688 [info] Got 0 sessions for ...
2025-01-11 16:01:15.688 [info] Got 0 sessions for ...
2025-01-11 16:01:15.688 [info] Getting sessions for all scopes...
2025-01-11 16:01:15.688 [info] Got 0 sessions for ...
2025-01-11 16:01:15.688 [info] Getting sessions for all scopes...
2025-01-11 16:01:15.688 [info] Got 0 sessions for ...
2025-01-11 16:01:15.688 [info] Getting sessions for all scopes...
2025-01-11 16:01:15.688 [info] Got 0 sessions for ...
2025-01-11 16:01:15.688 [info] Getting sessions for all scopes...
2025-01-11 16:01:15.688 [info] Got 0 sessions for ...
2025-01-11 16:01:15.688 [info] Getting sessions for all scopes...
2025-01-11 16:01:15.688 [info] Got 0 sessions for ...
2025-01-11 16:01:16.534 [info] Getting sessions for all scopes...
2025-01-11 16:01:16.534 [info] Got 0 sessions for ...
2025-01-11 16:01:18.464 [info] Getting sessions for all scopes...
2025-01-11 16:01:18.464 [info] Got 0 sessions for ...
2025-01-11 16:01:38.845 [info] Getting sessions for read:user,repo,user:email...
2025-01-11 16:01:38.845 [info] Got 0 sessions for read:user,repo,user:email...
2025-01-11 16:05:29.055 [info] Getting sessions for all scopes...
2025-01-11 16:05:29.055 [info] Got 0 sessions for ...
2025-01-11 16:05:29.055 [info] Getting sessions for all scopes...
2025-01-11 16:05:29.055 [info] Got 0 sessions for ...
2025-01-11 16:05:29.077 [info] Getting sessions for read:user,repo,user:email,workflow...
2025-01-11 16:05:29.077 [info] Got 0 sessions for read:user,repo,user:email,workflow...
2025-01-11 16:05:29.289 [info] Getting sessions for user:email...
2025-01-11 16:05:29.289 [info] Got 0 sessions for user:email...
2025-01-11 16:05:29.289 [info] Getting sessions for read:user,repo,user:email,workflow...
2025-01-11 16:05:29.289 [info] Got 0 sessions for read:user,repo,user:email,workflow...
2025-01-11 16:05:29.292 [info] Getting sessions for read:user...
2025-01-11 16:05:29.292 [info] Got 0 sessions for read:user...
2025-01-11 16:05:29.299 [info] Getting sessions for all scopes...
2025-01-11 16:05:29.299 [info] Got 0 sessions for ...
2025-01-11 16:05:29.299 [info] Getting sessions for user:email...
2025-01-11 16:05:29.299 [info] Got 0 sessions for user:email...
2025-01-11 16:05:30.143 [info] Getting sessions for user:email...
2025-01-11 16:05:30.143 [info] Got 0 sessions for user:email...
2025-01-11 16:05:30.168 [info] Getting sessions for read:user,repo,user:email,workflow...
2025-01-11 16:05:30.168 [info] Got 0 sessions for read:user,repo,user:email,workflow...
2025-01-11 16:05:30.179 [info] Getting sessions for all scopes...
2025-01-11 16:05:30.179 [info] Got 0 sessions for ...
2025-01-11 16:05:30.196 [info] Getting sessions for read:user...
2025-01-11 16:05:30.196 [info] Got 0 sessions for read:user...
2025-01-11 16:05:30.286 [info] Getting sessions for user:email...
2025-01-11 16:05:30.286 [info] Got 0 sessions for user:email...
2025-01-11 16:05:30.332 [info] Getting sessions for user:email...
2025-01-11 16:05:30.332 [info] Got 0 sessions for user:email...
2025-01-11 16:05:39.771 [info] Reading sessions from keychain...
2025-01-11 16:05:39.771 [info] Getting sessions for all scopes...
2025-01-11 16:05:39.771 [info] Got 0 sessions for ...
2025-01-11 16:05:39.771 [info] Getting sessions for all scopes...
2025-01-11 16:05:39.771 [info] Got 0 sessions for ...
2025-01-11 16:05:39.771 [info] Getting sessions for all scopes...
2025-01-11 16:05:39.771 [info] Got 0 sessions for ...
2025-01-11 16:05:39.771 [info] Getting sessions for read:user,repo,user:email...
2025-01-11 16:05:39.771 [info] Got 0 sessions for read:user,repo,user:email...
2025-01-11 16:05:41.336 [info] Getting sessions for read:user,repo,user:email,workflow...
2025-01-11 16:05:41.336 [info] Got 0 sessions for read:user,repo,user:email,workflow...
2025-01-11 16:05:41.336 [info] Getting sessions for all scopes...
2025-01-11 16:05:41.336 [info] Got 0 sessions for ...
2025-01-11 16:05:41.336 [info] Getting sessions for all scopes...
2025-01-11 16:05:41.336 [info] Got 0 sessions for ...
2025-01-11 16:05:41.800 [info] Getting sessions for read:user...
2025-01-11 16:05:41.800 [info] Got 0 sessions for read:user...
2025-01-11 16:05:41.801 [info] Getting sessions for user:email...
2025-01-11 16:05:41.801 [info] Got 0 sessions for user:email...
2025-01-11 16:05:41.803 [info] Getting sessions for read:user,repo,user:email,workflow...
2025-01-11 16:05:41.803 [info] Got 0 sessions for read:user,repo,user:email,workflow...
2025-01-11 16:05:41.863 [info] Getting sessions for user:email...
2025-01-11 16:05:41.863 [info] Got 0 sessions for user:email...
2025-01-11 16:05:41.865 [info] Getting sessions for all scopes...
2025-01-11 16:05:41.865 [info] Got 0 sessions for ...
2025-01-11 16:05:41.959 [info] Getting sessions for read:user,repo,user:email,workflow...
2025-01-11 16:05:41.959 [info] Got 0 sessions for read:user,repo,user:email,workflow...
2025-01-11 16:05:41.960 [info] Getting sessions for user:email...
2025-01-11 16:05:41.960 [info] Got 0 sessions for user:email...
2025-01-11 16:05:42.953 [info] Getting sessions for read:user...
2025-01-11 16:05:42.953 [info] Got 0 sessions for read:user...
2025-01-11 16:05:42.962 [info] Getting sessions for all scopes...
2025-01-11 16:05:42.962 [info] Got 0 sessions for ...
2025-01-11 16:05:42.970 [info] Getting sessions for user:email...
2025-01-11 16:05:42.970 [info] Got 0 sessions for user:email...
2025-01-11 16:05:42.970 [info] Getting sessions for user:email...
2025-01-11 16:05:42.970 [info] Got 0 sessions for user:email...
2025-01-11 16:05:52.396 [info] Getting sessions for all scopes...
2025-01-11 16:05:52.396 [info] Got 0 sessions for ...
2025-01-11 16:05:52.420 [info] Getting sessions for user:email...
2025-01-11 16:05:52.420 [info] Got 0 sessions for user:email...
2025-01-11 16:05:52.421 [info] Getting sessions for all scopes...
2025-01-11 16:05:52.421 [info] Got 0 sessions for ...
2025-01-11 16:05:52.422 [info] Getting sessions for user:email...
2025-01-11 16:05:52.422 [info] Got 0 sessions for user:email...
