2025-01-11 15:47:40.238 [info] [main] Log level: Info
2025-01-11 15:47:40.238 [info] [main] Validating found git in: "git"
2025-01-11 15:47:40.238 [info] [main] Using git "2.48.0" from "git"
2025-01-11 15:47:40.238 [info] [Model][doInitialScan] Initial repository scan started
2025-01-11 15:47:40.239 [info] > git rev-parse --show-toplevel [3ms]
2025-01-11 15:47:40.239 [info] fatal: not a git repository (or any of the parent directories): .git
2025-01-11 15:47:40.239 [info] > git rev-parse --show-toplevel [1ms]
2025-01-11 15:47:40.239 [info] fatal: not a git repository (or any of the parent directories): .git
2025-01-11 15:47:40.240 [info] > git rev-parse --show-toplevel [2ms]
2025-01-11 15:47:40.240 [info] fatal: not a git repository (or any of the parent directories): .git
2025-01-11 15:47:40.246 [info] > git rev-parse --show-toplevel [1ms]
2025-01-11 15:47:40.246 [info] fatal: not a git repository (or any of the parent directories): .git
2025-01-11 15:47:40.252 [info] > git rev-parse --show-toplevel [1ms]
2025-01-11 15:47:40.252 [info] fatal: not a git repository (or any of the parent directories): .git
2025-01-11 15:47:40.255 [info] [Model][doInitialScan] Initial repository scan completed - repositories (0), closed repositories (0), parent repositories (0), unsafe repositories (0)
2025-01-11 15:47:40.395 [info] > git rev-parse --show-toplevel [1ms]
2025-01-11 15:47:40.395 [info] fatal: not a git repository (or any of the parent directories): .git
2025-01-11 15:47:40.645 [info] > git rev-parse --show-toplevel [1ms]
2025-01-11 15:47:40.645 [info] fatal: not a git repository (or any of the parent directories): .git
2025-01-11 15:47:40.848 [info] > git rev-parse --show-toplevel [3ms]
2025-01-11 15:47:40.848 [info] fatal: not a git repository (or any of the parent directories): .git
