2025-01-11 15:47:40.103 [info] Reading sessions from keychain...
2025-01-11 15:47:40.103 [info] Getting sessions for all scopes...
2025-01-11 15:47:40.103 [info] Getting sessions for all scopes...
2025-01-11 15:47:40.103 [info] Getting sessions for all scopes...
2025-01-11 15:47:40.103 [info] Got stored sessions!
2025-01-11 15:47:40.103 [info] Got 1 verified sessions.
2025-01-11 15:47:40.103 [info] Got 1 sessions for ...
2025-01-11 15:47:40.103 [info] Got 1 sessions for ...
2025-01-11 15:47:40.103 [info] Got 1 sessions for ...
2025-01-11 15:47:40.103 [info] Getting sessions for all scopes...
2025-01-11 15:47:40.103 [info] Got 1 sessions for ...
2025-01-11 15:47:40.103 [info] Getting sessions for all scopes...
2025-01-11 15:47:40.103 [info] Got 1 sessions for ...
2025-01-11 15:47:40.103 [info] Getting sessions for all scopes...
2025-01-11 15:47:40.103 [info] Got 1 sessions for ...
2025-01-11 15:47:40.103 [info] Getting sessions for all scopes...
2025-01-11 15:47:40.103 [info] Got 1 sessions for ...
2025-01-11 15:47:40.103 [info] Getting sessions for all scopes...
2025-01-11 15:47:40.103 [info] Got 1 sessions for ...
2025-01-11 15:47:40.551 [info] Getting sessions for all scopes...
2025-01-11 15:47:40.551 [info] Got 1 sessions for ...
