2025-01-11 15:47:58.859 [info] [main] Log level: Info
2025-01-11 15:47:58.859 [info] [main] Validating found git in: "git"
2025-01-11 15:47:58.859 [info] [main] Using git "2.48.0" from "git"
2025-01-11 15:47:58.859 [info] [Model][doInitialScan] Initial repository scan started
2025-01-11 15:47:58.859 [info] > git rev-parse --show-toplevel [3ms]
2025-01-11 15:47:58.859 [info] fatal: not a git repository (or any of the parent directories): .git
2025-01-11 15:47:58.859 [info] > git rev-parse --show-toplevel [2ms]
2025-01-11 15:47:58.859 [info] fatal: not a git repository (or any of the parent directories): .git
2025-01-11 15:47:58.859 [info] > git rev-parse --show-toplevel [2ms]
2025-01-11 15:47:58.859 [info] fatal: not a git repository (or any of the parent directories): .git
2025-01-11 15:47:58.859 [info] > git rev-parse --show-toplevel [1ms]
2025-01-11 15:47:58.859 [info] fatal: not a git repository (or any of the parent directories): .git
2025-01-11 15:47:58.859 [info] > git rev-parse --show-toplevel [1ms]
2025-01-11 15:47:58.859 [info] fatal: not a git repository (or any of the parent directories): .git
2025-01-11 15:47:58.859 [info] [Model][doInitialScan] Initial repository scan completed - repositories (0), closed repositories (0), parent repositories (0), unsafe repositories (0)
2025-01-11 15:47:58.959 [info] > git rev-parse --show-toplevel [12ms]
2025-01-11 15:47:58.959 [info] fatal: not a git repository (or any of the parent directories): .git
2025-01-11 15:47:59.249 [info] > git rev-parse --show-toplevel [1ms]
2025-01-11 15:47:59.249 [info] fatal: not a git repository (or any of the parent directories): .git
2025-01-11 15:47:59.344 [info] > git rev-parse --show-toplevel [1ms]
2025-01-11 15:47:59.344 [info] fatal: not a git repository (or any of the parent directories): .git
2025-01-11 15:48:01.336 [info] > git rev-parse --show-toplevel [1ms]
2025-01-11 15:48:01.336 [info] fatal: not a git repository (or any of the parent directories): .git
