2025-05-13T01:23:32.412+0530 [DEBUG] [org.gradle.launcher.daemon.bootstrap.DaemonMain] Assuming the daemon was started with following jvm opts: [-Xmx2048m, -Dfile.encoding=UTF-8, -Duser.country=US, -Duser.language=en, -Duser.variant]
2025-05-13T01:23:32.551+0530 [INFO] [org.gradle.launcher.daemon.server.Daemon] start() called on daemon - DefaultDaemonContext[uid=0cb4133d-d520-4244-bdc9-c90efe19c16d,javaHome=/opt/android-studio/jbr,javaVersion=21,javaVendor=JetBrains s.r.o.,daemonRegistryDir=/home/yagna/.gradle/daemon,pid=193339,idleTimeout=10800000,priority=NORMAL,applyInstrumentationAgent=true,nativeServicesMode=ENABLED,daemonOpts=-Xmx2048m,-Dfile.encoding=UTF-8,-Duser.country=US,-Duser.language=en,-Duser.variant]
2025-05-13T01:23:32.579+0530 [DEBUG] [org.gradle.internal.remote.internal.inet.InetAddresses] Adding IP addresses for network interface wlp4s0
2025-05-13T01:23:32.579+0530 [DEBUG] [org.gradle.internal.remote.internal.inet.InetAddresses] Is this a loopback interface? false
2025-05-13T01:23:32.580+0530 [DEBUG] [org.gradle.internal.remote.internal.inet.InetAddresses] Adding remote address /2409:40f0:112e:9875:bc7c:c12f:d549:2ec1%wlp4s0
2025-05-13T01:23:32.580+0530 [DEBUG] [org.gradle.internal.remote.internal.inet.InetAddresses] Adding remote address /2409:40f0:151:65f9:82a6:9b03:aa7b:6b81%wlp4s0
2025-05-13T01:23:32.580+0530 [DEBUG] [org.gradle.internal.remote.internal.inet.InetAddresses] Adding remote address /fe80:0:0:0:4ddc:a45d:af5:c77a%wlp4s0
2025-05-13T01:23:32.580+0530 [DEBUG] [org.gradle.internal.remote.internal.inet.InetAddresses] Adding remote address /10.171.7.53
2025-05-13T01:23:32.581+0530 [DEBUG] [org.gradle.internal.remote.internal.inet.InetAddresses] Adding IP addresses for network interface lo
2025-05-13T01:23:32.581+0530 [DEBUG] [org.gradle.internal.remote.internal.inet.InetAddresses] Is this a loopback interface? true
2025-05-13T01:23:32.581+0530 [DEBUG] [org.gradle.internal.remote.internal.inet.InetAddresses] Adding loopback address /0:0:0:0:0:0:0:1%lo
2025-05-13T01:23:32.581+0530 [DEBUG] [org.gradle.internal.remote.internal.inet.InetAddresses] Adding loopback address /127.0.0.1
2025-05-13T01:23:32.583+0530 [DEBUG] [org.gradle.internal.remote.internal.inet.TcpIncomingConnector] Listening on [a693ac28-20f4-4b3b-82ee-b901b5bb5115 port:35713, addresses:[localhost/127.0.0.1]].
2025-05-13T01:23:32.598+0530 [DEBUG] [org.gradle.launcher.daemon.server.Daemon] Daemon starting at: Tue May 13 01:23:32 IST 2025, with address: [a693ac28-20f4-4b3b-82ee-b901b5bb5115 port:35713, addresses:[localhost/127.0.0.1]]
2025-05-13T01:23:32.598+0530 [INFO] [org.gradle.launcher.daemon.server.DaemonRegistryUpdater] Advertising the daemon address to the clients: [a693ac28-20f4-4b3b-82ee-b901b5bb5115 port:35713, addresses:[localhost/127.0.0.1]]
2025-05-13T01:23:32.599+0530 [DEBUG] [org.gradle.launcher.daemon.server.DaemonRegistryUpdater] Advertised daemon context: DefaultDaemonContext[uid=0cb4133d-d520-4244-bdc9-c90efe19c16d,javaHome=/opt/android-studio/jbr,javaVersion=21,javaVendor=JetBrains s.r.o.,daemonRegistryDir=/home/yagna/.gradle/daemon,pid=193339,idleTimeout=10800000,priority=NORMAL,applyInstrumentationAgent=true,nativeServicesMode=ENABLED,daemonOpts=-Xmx2048m,-Dfile.encoding=UTF-8,-Duser.country=US,-Duser.language=en,-Duser.variant]
2025-05-13T01:23:32.600+0530 [DEBUG] [org.gradle.launcher.daemon.registry.PersistentDaemonRegistry] Storing daemon address: [a693ac28-20f4-4b3b-82ee-b901b5bb5115 port:35713, addresses:[localhost/127.0.0.1]], context: DefaultDaemonContext[uid=0cb4133d-d520-4244-bdc9-c90efe19c16d,javaHome=/opt/android-studio/jbr,javaVersion=21,javaVendor=JetBrains s.r.o.,daemonRegistryDir=/home/yagna/.gradle/daemon,pid=193339,idleTimeout=10800000,priority=NORMAL,applyInstrumentationAgent=true,nativeServicesMode=ENABLED,daemonOpts=-Xmx2048m,-Dfile.encoding=UTF-8,-Duser.country=US,-Duser.language=en,-Duser.variant]
2025-05-13T01:23:32.612+0530 [DEBUG] [org.gradle.cache.internal.DefaultFileLockManager] Waiting to acquire exclusive lock on daemon addresses registry.
2025-05-13T01:23:32.616+0530 [DEBUG] [org.gradle.cache.internal.DefaultFileLockManager] Lock acquired on daemon addresses registry.
2025-05-13T01:23:32.621+0530 [DEBUG] [org.gradle.cache.internal.DefaultFileLockManager] Releasing lock on daemon addresses registry.
2025-05-13T01:23:32.622+0530 [LIFECYCLE] [org.gradle.launcher.daemon.server.Daemon] Daemon server started.
2025-05-13T01:23:32.623+0530 [DEBUG] [org.gradle.launcher.daemon.bootstrap.DaemonStartupCommunication] Completed writing the daemon greeting. Closing streams...
2025-05-13T01:23:32.626+0530 [DEBUG] [org.gradle.internal.remote.internal.inet.TcpIncomingConnector] Accepted connection from /127.0.0.1:54542 to /127.0.0.1:35713.
2025-05-13T01:23:32.631+0530 [DEBUG] [org.gradle.launcher.daemon.server.Daemon] stopOnExpiration() called on daemon
2025-05-13T01:23:32.632+0530 [DEBUG] [org.gradle.launcher.daemon.server.Daemon] awaitExpiration() called on daemon
2025-05-13T01:23:32.633+0530 [DEBUG] [org.gradle.launcher.daemon.server.DaemonStateCoordinator] daemon is running. Sleeping until state changes.
2025-05-13T01:23:32.675+0530 [DEBUG] [org.gradle.launcher.daemon.server.SynchronizedDispatchConnection] thread 42: received class org.gradle.launcher.daemon.protocol.Build
2025-05-13T01:23:32.676+0530 [DEBUG] [org.gradle.launcher.daemon.server.DefaultDaemonConnection] thread 42: Received non-IO message from client: Build{id=d4e4fba7-0dab-4eeb-bff1-18d8cb08b339, currentDir=/home/yagna/Code/MLAnalysisApp}
2025-05-13T01:23:32.676+0530 [INFO] [org.gradle.launcher.daemon.server.DefaultIncomingConnectionHandler] Received command: Build{id=d4e4fba7-0dab-4eeb-bff1-18d8cb08b339, currentDir=/home/yagna/Code/MLAnalysisApp}.
2025-05-13T01:23:32.676+0530 [DEBUG] [org.gradle.launcher.daemon.server.DefaultIncomingConnectionHandler] Starting executing command: Build{id=d4e4fba7-0dab-4eeb-bff1-18d8cb08b339, currentDir=/home/yagna/Code/MLAnalysisApp} with connection: socket connection from /127.0.0.1:35713 to /127.0.0.1:54542.
2025-05-13T01:23:32.679+0530 [DEBUG] [org.gradle.launcher.daemon.server.DaemonStateCoordinator] Command execution: started DaemonCommandExecution[command = Build{id=d4e4fba7-0dab-4eeb-bff1-18d8cb08b339, currentDir=/home/yagna/Code/MLAnalysisApp}, connection = DefaultDaemonConnection: socket connection from /127.0.0.1:35713 to /127.0.0.1:54542] after 0.0017666666666666666 minutes of idle
2025-05-13T01:23:32.679+0530 [INFO] [org.gradle.launcher.daemon.server.DaemonRegistryUpdater] Marking the daemon as busy, address: [a693ac28-20f4-4b3b-82ee-b901b5bb5115 port:35713, addresses:[localhost/127.0.0.1]]
2025-05-13T01:23:32.680+0530 [DEBUG] [org.gradle.launcher.daemon.registry.PersistentDaemonRegistry] Marking busy by address: [a693ac28-20f4-4b3b-82ee-b901b5bb5115 port:35713, addresses:[localhost/127.0.0.1]]
2025-05-13T01:23:32.680+0530 [DEBUG] [org.gradle.cache.internal.DefaultFileLockManager] Waiting to acquire exclusive lock on daemon addresses registry.
2025-05-13T01:23:32.681+0530 [DEBUG] [org.gradle.cache.internal.DefaultFileLockManager] Lock acquired on daemon addresses registry.
2025-05-13T01:23:32.682+0530 [DEBUG] [org.gradle.cache.internal.DefaultFileLockManager] Releasing lock on daemon addresses registry.
2025-05-13T01:23:32.682+0530 [DEBUG] [org.gradle.launcher.daemon.server.DaemonStateCoordinator] resetting idle timer
2025-05-13T01:23:32.682+0530 [DEBUG] [org.gradle.launcher.daemon.server.DaemonStateCoordinator] daemon is running. Sleeping until state changes.
2025-05-13T01:23:32.683+0530 [INFO] [org.gradle.launcher.daemon.server.exec.StartBuildOrRespondWithBusy] Daemon is about to start building Build{id=d4e4fba7-0dab-4eeb-bff1-18d8cb08b339, currentDir=/home/yagna/Code/MLAnalysisApp}. Dispatching build started information...
2025-05-13T01:23:32.683+0530 [DEBUG] [org.gradle.launcher.daemon.server.SynchronizedDispatchConnection] thread 44: dispatching org.gradle.launcher.daemon.protocol.BuildStarted@69b5e76e
2025-05-13T01:23:32.684+0530 [DEBUG] [org.gradle.launcher.daemon.server.exec.EstablishBuildEnvironment] Configuring env variables: [PATH, XAUTHORITY, I3SOCK, MOTD_SHOWN, TERM, DBUS_SESSION_BUS_ADDRESS, XRESOURCES, XDG_SESSION_TYPE, XDG_SESSION_ID, DISPLAY, MAIL, LOGNAME, PWD, _, XDG_SESSION_CLASS, SHELL, OLDPWD, USER, WINDOWPATH, XDG_SEAT, XINITRC, XDG_RUNTIME_DIR, XDG_VTNR, SHLVL, HOME]
2025-05-13T01:23:32.687+0530 [DEBUG] [org.gradle.launcher.daemon.server.exec.LogToClient] About to start relaying all logs to the client via the connection.
2025-05-13T01:23:32.688+0530 [INFO] [org.gradle.launcher.daemon.server.exec.LogToClient] The client will now receive all logging from the daemon (pid: 193339). The daemon log file: /home/yagna/.gradle/daemon/8.11.1/daemon-193339.out.log
2025-05-13T01:23:32.690+0530 [INFO] [org.gradle.launcher.daemon.server.exec.LogAndCheckHealth] Starting build in new daemon [memory: 2 GiB]
2025-05-13T01:23:32.691+0530 [DEBUG] [org.gradle.launcher.daemon.server.exec.ExecuteBuild] The daemon has started executing the build.
2025-05-13T01:23:32.692+0530 [DEBUG] [org.gradle.launcher.daemon.server.exec.ExecuteBuild] Executing build with daemon context: DefaultDaemonContext[uid=0cb4133d-d520-4244-bdc9-c90efe19c16d,javaHome=/opt/android-studio/jbr,javaVersion=21,javaVendor=JetBrains s.r.o.,daemonRegistryDir=/home/yagna/.gradle/daemon,pid=193339,idleTimeout=10800000,priority=NORMAL,applyInstrumentationAgent=true,nativeServicesMode=ENABLED,daemonOpts=-Xmx2048m,-Dfile.encoding=UTF-8,-Duser.country=US,-Duser.language=en,-Duser.variant]
Daemon will be stopped at the end of the build stop command received
Checking the license for package Android SDK Build-Tools 35 in /home/yagna/Code/Android/licenses
License for package Android SDK Build-Tools 35 accepted.
Preparing "Install Android SDK Build-Tools 35 v.35.0.0".
"Install Android SDK Build-Tools 35 v.35.0.0" ready.
Installing Android SDK Build-Tools 35 in /home/yagna/Code/Android/build-tools/35.0.0
"Install Android SDK Build-Tools 35 v.35.0.0" complete.
"Install Android SDK Build-Tools 35 v.35.0.0" finished.
[=========                              ] 25%                                   [=========                              ] 25% Fetch remote repository...        [=======================================] 100% Fetch remote repository...       

BUILD SUCCESSFUL in 3m 57s
2025-05-13T01:27:28.818+0530 [DEBUG] [org.gradle.launcher.daemon.server.exec.ExecuteBuild] The daemon has finished executing the build.
2025-05-13T01:27:28.827+0530 [DEBUG] [org.gradle.launcher.daemon.server.DaemonStateCoordinator] daemon stop has been requested. Sleeping until state changes.
2025-05-13T01:27:28.828+0530 [DEBUG] [org.gradle.launcher.daemon.server.DaemonStateCoordinator] Command execution: finished waiting for DaemonCommandExecution[command = Build{id=d4e4fba7-0dab-4eeb-bff1-18d8cb08b339, currentDir=/home/yagna/Code/MLAnalysisApp}, connection = DefaultDaemonConnection: socket connection from /127.0.0.1:35713 to /127.0.0.1:54542]. Result org.gradle.launcher.daemon.server.DaemonStateCoordinator@2c28ca29 with state StopRequested
2025-05-13T01:27:28.828+0530 [DEBUG] [org.gradle.launcher.daemon.server.DaemonStateCoordinator] Command execution: completed DaemonCommandExecution[command = Build{id=d4e4fba7-0dab-4eeb-bff1-18d8cb08b339, currentDir=/home/yagna/Code/MLAnalysisApp}, connection = DefaultDaemonConnection: socket connection from /127.0.0.1:35713 to /127.0.0.1:54542]
2025-05-13T01:27:28.828+0530 [DEBUG] [org.gradle.launcher.daemon.server.DaemonStateCoordinator] resetting idle timer
2025-05-13T01:27:28.828+0530 [DEBUG] [org.gradle.launcher.daemon.server.DaemonStateCoordinator] Marking daemon stopped due to command completed and stop requested. The daemon is not running a build
2025-05-13T01:27:28.828+0530 [DEBUG] [org.gradle.launcher.daemon.server.DaemonStateCoordinator] daemon has stopped.
2025-05-13T01:27:28.828+0530 [DEBUG] [org.gradle.launcher.daemon.server.exec.ReturnResult] Daemon is dispatching the build result: Success[value=org.gradle.launcher.exec.BuildActionResult@4c123817]
2025-05-13T01:27:28.829+0530 [DEBUG] [org.gradle.launcher.daemon.server.SynchronizedDispatchConnection] thread 41: dispatching Success[value=org.gradle.launcher.exec.BuildActionResult@4c123817]
2025-05-13T01:27:28.829+0530 [DEBUG] [org.gradle.launcher.daemon.server.Daemon] stop() called on daemon
2025-05-13T01:27:28.829+0530 [INFO] [org.gradle.launcher.daemon.server.Daemon] Stop requested. Daemon is removing its presence from the registry...
2025-05-13T01:27:28.830+0530 [DEBUG] [org.gradle.launcher.daemon.server.DaemonRegistryUpdater] Removing our presence to clients, eg. removing this address from the registry: [a693ac28-20f4-4b3b-82ee-b901b5bb5115 port:35713, addresses:[localhost/127.0.0.1]]
2025-05-13T01:27:28.830+0530 [DEBUG] [org.gradle.launcher.daemon.server.SynchronizedDispatchConnection] thread 42: received class org.gradle.launcher.daemon.protocol.CloseInput
2025-05-13T01:27:28.830+0530 [DEBUG] [org.gradle.launcher.daemon.registry.PersistentDaemonRegistry] Removing daemon address: [a693ac28-20f4-4b3b-82ee-b901b5bb5115 port:35713, addresses:[localhost/127.0.0.1]]
2025-05-13T01:27:28.830+0530 [DEBUG] [org.gradle.launcher.daemon.server.DefaultDaemonConnection] thread 42: Received IO message from client: org.gradle.launcher.daemon.protocol.CloseInput@3a93ad71
2025-05-13T01:27:28.830+0530 [DEBUG] [org.gradle.launcher.daemon.server.SynchronizedDispatchConnection] thread 42: received class org.gradle.launcher.daemon.protocol.Finished
2025-05-13T01:27:28.830+0530 [DEBUG] [org.gradle.launcher.daemon.server.exec.CleanUpVirtualFileSystemAfterBuild] Cleaning virtual file system after build finished
2025-05-13T01:27:28.830+0530 [DEBUG] [org.gradle.launcher.daemon.server.DefaultIncomingConnectionHandler] Finishing executing command: Build{id=d4e4fba7-0dab-4eeb-bff1-18d8cb08b339, currentDir=/home/yagna/Code/MLAnalysisApp}
2025-05-13T01:27:28.830+0530 [DEBUG] [org.gradle.launcher.daemon.server.DefaultDaemonConnection] thread 42: Received non-IO message from client: org.gradle.launcher.daemon.protocol.Finished@3122f8da
2025-05-13T01:27:28.831+0530 [DEBUG] [org.gradle.cache.internal.DefaultFileLockManager] Waiting to acquire exclusive lock on daemon addresses registry.
2025-05-13T01:27:28.831+0530 [DEBUG] [org.gradle.launcher.daemon.server.DefaultIncomingConnectionHandler] Received finished message: org.gradle.launcher.daemon.protocol.Finished@3122f8da
2025-05-13T01:27:28.831+0530 [DEBUG] [org.gradle.internal.remote.internal.inet.SocketConnection] Discarding EOFException: java.io.EOFException
2025-05-13T01:27:28.831+0530 [DEBUG] [org.gradle.launcher.daemon.server.SynchronizedDispatchConnection] thread 41: stopping connection
2025-05-13T01:27:28.831+0530 [DEBUG] [org.gradle.cache.internal.DefaultFileLockManager] Lock acquired on daemon addresses registry.
2025-05-13T01:27:28.831+0530 [DEBUG] [org.gradle.launcher.daemon.server.SynchronizedDispatchConnection] thread 42: received null
2025-05-13T01:27:28.832+0530 [DEBUG] [org.gradle.launcher.daemon.server.DefaultDaemonConnection] thread 42: Received end-of-input from client.
2025-05-13T01:27:28.832+0530 [DEBUG] [org.gradle.launcher.daemon.server.SynchronizedDispatchConnection] thread 41: stopping connection
2025-05-13T01:27:28.832+0530 [DEBUG] [org.gradle.cache.internal.DefaultFileLockManager] Releasing lock on daemon addresses registry.
2025-05-13T01:27:28.832+0530 [DEBUG] [org.gradle.launcher.daemon.server.DaemonRegistryUpdater] Address removed from registry.
2025-05-13T01:27:28.835+0530 [DEBUG] [org.gradle.cache.internal.LockOnDemandCrossProcessCacheAccess] Releasing file lock for jars (/home/yagna/.gradle/caches/jars-9)
2025-05-13T01:27:28.835+0530 [DEBUG] [org.gradle.cache.internal.DefaultFileLockManager] Releasing lock on jars (/home/yagna/.gradle/caches/jars-9).
2025-05-13T01:27:28.836+0530 [DEBUG] [org.gradle.cache.internal.DefaultCacheCleanupExecutor] jars (/home/yagna/.gradle/caches/jars-9) has last been fully cleaned up 28 hours ago
2025-05-13T01:27:28.836+0530 [DEBUG] [org.gradle.internal.operations.DefaultBuildOperationRunner] Build operation 'Clean up jars (/home/yagna/.gradle/caches/jars-9)' started
2025-05-13T01:27:28.837+0530 [INFO] [org.gradle.cache.internal.AbstractCacheCleanup] jars (/home/yagna/.gradle/caches/jars-9) cleanup deleted 0 files/directories.
2025-05-13T01:27:28.837+0530 [INFO] [org.gradle.cache.internal.LeastRecentlyUsedCacheCleanup] jars (/home/yagna/.gradle/caches/jars-9) removing files not accessed on or after Tue May 06 01:27:28 IST 2025.
2025-05-13T01:27:28.839+0530 [INFO] [org.gradle.cache.internal.AbstractCacheCleanup] jars (/home/yagna/.gradle/caches/jars-9) cleanup deleted 0 files/directories.
2025-05-13T01:27:28.839+0530 [DEBUG] [org.gradle.internal.operations.DefaultBuildOperationRunner] Completing Build operation 'Clean up jars (/home/yagna/.gradle/caches/jars-9)'
2025-05-13T01:27:28.839+0530 [DEBUG] [org.gradle.internal.operations.DefaultBuildOperationRunner] Build operation 'Clean up jars (/home/yagna/.gradle/caches/jars-9)' completed
2025-05-13T01:27:28.840+0530 [INFO] [org.gradle.cache.internal.DefaultCacheCleanupExecutor] jars (/home/yagna/.gradle/caches/jars-9) cleaned up in 0.003 secs.
2025-05-13T01:27:28.840+0530 [DEBUG] [org.gradle.cache.internal.LockOnDemandCrossProcessCacheAccess] Releasing file lock for file content cache (/home/yagna/.gradle/caches/8.11.1/fileContent)
2025-05-13T01:27:28.840+0530 [DEBUG] [org.gradle.cache.internal.DefaultFileLockManager] Releasing lock on file content cache (/home/yagna/.gradle/caches/8.11.1/fileContent).
2025-05-13T01:27:28.840+0530 [DEBUG] [org.gradle.internal.watch.vfs.impl.WatchingVirtualFileSystem] Closing VFS, dropping state
2025-05-13T01:27:28.844+0530 [DEBUG] [org.gradle.cache.internal.LockOnDemandCrossProcessCacheAccess] Releasing file lock for Generated Gradle JARs cache (/home/yagna/.gradle/caches/8.11.1/generated-gradle-jars)
2025-05-13T01:27:28.844+0530 [DEBUG] [org.gradle.internal.watch.registry.impl.DefaultFileWatcherRegistry] Finished listening to file system change events
2025-05-13T01:27:28.844+0530 [DEBUG] [org.gradle.cache.internal.DefaultFileLockManager] Releasing lock on Generated Gradle JARs cache (/home/yagna/.gradle/caches/8.11.1/generated-gradle-jars).
2025-05-13T01:27:28.845+0530 [DEBUG] [org.gradle.cache.internal.LockOnDemandCrossProcessCacheAccess] Releasing file lock for artifact cache (/home/yagna/.gradle/caches/modules-2)
2025-05-13T01:27:28.845+0530 [DEBUG] [org.gradle.cache.internal.btree.BTreePersistentIndexedCache] Closing cache module-artifact.bin (/home/yagna/.gradle/caches/modules-2/metadata-2.107/module-artifact.bin)
2025-05-13T01:27:28.845+0530 [DEBUG] [org.gradle.cache.internal.btree.BTreePersistentIndexedCache] Closing cache module-metadata.bin (/home/yagna/.gradle/caches/modules-2/metadata-2.107/module-metadata.bin)
2025-05-13T01:27:28.845+0530 [DEBUG] [org.gradle.cache.internal.btree.BTreePersistentIndexedCache] Closing cache resource-at-url.bin (/home/yagna/.gradle/caches/modules-2/metadata-2.107/resource-at-url.bin)
2025-05-13T01:27:28.845+0530 [DEBUG] [org.gradle.cache.internal.btree.BTreePersistentIndexedCache] Closing cache module-artifacts.bin (/home/yagna/.gradle/caches/modules-2/metadata-2.107/module-artifacts.bin)
2025-05-13T01:27:28.846+0530 [DEBUG] [org.gradle.cache.internal.DefaultFileLockManager] Releasing lock on artifact cache (/home/yagna/.gradle/caches/modules-2).
2025-05-13T01:27:28.846+0530 [DEBUG] [org.gradle.cache.internal.DefaultCacheCleanupExecutor] artifact cache (/home/yagna/.gradle/caches/modules-2) has last been fully cleaned up 28 hours ago
2025-05-13T01:27:28.846+0530 [DEBUG] [org.gradle.internal.operations.DefaultBuildOperationRunner] Build operation 'Clean up artifact cache (/home/yagna/.gradle/caches/modules-2)' started
2025-05-13T01:27:28.847+0530 [INFO] [org.gradle.cache.internal.AbstractCacheCleanup] artifact cache (/home/yagna/.gradle/caches/modules-2) cleanup deleted 0 files/directories.
2025-05-13T01:27:28.847+0530 [INFO] [org.gradle.cache.internal.AbstractCacheCleanup] artifact cache (/home/yagna/.gradle/caches/modules-2) [subdir: /home/yagna/.gradle/caches/modules-2/resources-2.1] cleanup deleted 0 files/directories.
2025-05-13T01:27:28.848+0530 [INFO] [org.gradle.cache.internal.LeastRecentlyUsedCacheCleanup] artifact cache (/home/yagna/.gradle/caches/modules-2) [subdir: /home/yagna/.gradle/caches/modules-2/resources-2.1] removing files not accessed on or after Sun Apr 13 01:27:28 IST 2025.
2025-05-13T01:27:28.848+0530 [INFO] [org.gradle.cache.internal.AbstractCacheCleanup] artifact cache (/home/yagna/.gradle/caches/modules-2) [subdir: /home/yagna/.gradle/caches/modules-2/resources-2.1] cleanup deleted 0 files/directories.
2025-05-13T01:27:28.848+0530 [INFO] [org.gradle.cache.internal.AbstractCacheCleanup] artifact cache (/home/yagna/.gradle/caches/modules-2) [subdir: /home/yagna/.gradle/caches/modules-2/files-2.1] cleanup deleted 0 files/directories.
2025-05-13T01:27:28.848+0530 [INFO] [org.gradle.cache.internal.LeastRecentlyUsedCacheCleanup] artifact cache (/home/yagna/.gradle/caches/modules-2) [subdir: /home/yagna/.gradle/caches/modules-2/files-2.1] removing files not accessed on or after Sun Apr 13 01:27:28 IST 2025.
2025-05-13T01:27:28.885+0530 [INFO] [org.gradle.cache.internal.AbstractCacheCleanup] artifact cache (/home/yagna/.gradle/caches/modules-2) [subdir: /home/yagna/.gradle/caches/modules-2/files-2.1] cleanup deleted 0 files/directories.
2025-05-13T01:27:28.886+0530 [INFO] [org.gradle.cache.internal.AbstractCacheCleanup] artifact cache (/home/yagna/.gradle/caches/modules-2) [subdir: /home/yagna/.gradle/caches/modules-2/metadata-2.107] cleanup deleted 0 files/directories.
2025-05-13T01:27:28.886+0530 [INFO] [org.gradle.cache.internal.AbstractCacheCleanup] artifact cache (/home/yagna/.gradle/caches/modules-2) cleanup deleted 0 files/directories.
2025-05-13T01:27:28.887+0530 [DEBUG] [org.gradle.internal.operations.DefaultBuildOperationRunner] Completing Build operation 'Clean up artifact cache (/home/yagna/.gradle/caches/modules-2)'
2025-05-13T01:27:28.887+0530 [DEBUG] [org.gradle.internal.operations.DefaultBuildOperationRunner] Build operation 'Clean up artifact cache (/home/yagna/.gradle/caches/modules-2)' completed
2025-05-13T01:27:28.887+0530 [INFO] [org.gradle.cache.internal.DefaultCacheCleanupExecutor] artifact cache (/home/yagna/.gradle/caches/modules-2) cleaned up in 0.04 secs.
2025-05-13T01:27:28.887+0530 [DEBUG] [org.gradle.cache.internal.DefaultCacheCleanupExecutor] groovy-dsl (/home/yagna/.gradle/caches/8.11.1/groovy-dsl) has last been fully cleaned up 28 hours ago
2025-05-13T01:27:28.887+0530 [DEBUG] [org.gradle.internal.operations.DefaultBuildOperationRunner] Build operation 'Clean up groovy-dsl (/home/yagna/.gradle/caches/8.11.1/groovy-dsl)' started
2025-05-13T01:27:28.888+0530 [INFO] [org.gradle.cache.internal.LeastRecentlyUsedCacheCleanup] groovy-dsl (/home/yagna/.gradle/caches/8.11.1/groovy-dsl) removing files not accessed on or after Tue May 06 01:27:28 IST 2025.
2025-05-13T01:27:28.888+0530 [INFO] [org.gradle.cache.internal.AbstractCacheCleanup] groovy-dsl (/home/yagna/.gradle/caches/8.11.1/groovy-dsl) cleanup deleted 0 files/directories.
2025-05-13T01:27:28.888+0530 [DEBUG] [org.gradle.internal.operations.DefaultBuildOperationRunner] Completing Build operation 'Clean up groovy-dsl (/home/yagna/.gradle/caches/8.11.1/groovy-dsl)'
2025-05-13T01:27:28.889+0530 [DEBUG] [org.gradle.internal.operations.DefaultBuildOperationRunner] Build operation 'Clean up groovy-dsl (/home/yagna/.gradle/caches/8.11.1/groovy-dsl)' completed
2025-05-13T01:27:28.889+0530 [INFO] [org.gradle.cache.internal.DefaultCacheCleanupExecutor] groovy-dsl (/home/yagna/.gradle/caches/8.11.1/groovy-dsl) cleaned up in 0.001 secs.
2025-05-13T01:27:28.889+0530 [DEBUG] [org.gradle.cache.internal.DefaultCacheCoordinator] Cache groovy-dsl (/home/yagna/.gradle/caches/8.11.1/groovy-dsl) was closed 0 times.
2025-05-13T01:27:28.889+0530 [DEBUG] [org.gradle.cache.internal.DefaultCacheCleanupExecutor] Artifact transforms cache (/home/yagna/.gradle/caches/8.11.1/transforms) has last been fully cleaned up 28 hours ago
2025-05-13T01:27:28.889+0530 [DEBUG] [org.gradle.internal.operations.DefaultBuildOperationRunner] Build operation 'Clean up Artifact transforms cache (/home/yagna/.gradle/caches/8.11.1/transforms)' started
2025-05-13T01:27:28.889+0530 [INFO] [org.gradle.cache.internal.LeastRecentlyUsedCacheCleanup] Artifact transforms cache (/home/yagna/.gradle/caches/8.11.1/transforms) removing files not accessed on or after Tue May 06 01:27:28 IST 2025.
2025-05-13T01:27:28.913+0530 [INFO] [org.gradle.cache.internal.AbstractCacheCleanup] Artifact transforms cache (/home/yagna/.gradle/caches/8.11.1/transforms) cleanup deleted 0 files/directories.
2025-05-13T01:27:28.913+0530 [DEBUG] [org.gradle.internal.operations.DefaultBuildOperationRunner] Completing Build operation 'Clean up Artifact transforms cache (/home/yagna/.gradle/caches/8.11.1/transforms)'
2025-05-13T01:27:28.913+0530 [DEBUG] [org.gradle.internal.operations.DefaultBuildOperationRunner] Build operation 'Clean up Artifact transforms cache (/home/yagna/.gradle/caches/8.11.1/transforms)' completed
2025-05-13T01:27:28.914+0530 [INFO] [org.gradle.cache.internal.DefaultCacheCleanupExecutor] Artifact transforms cache (/home/yagna/.gradle/caches/8.11.1/transforms) cleaned up in 0.024 secs.
2025-05-13T01:27:28.914+0530 [DEBUG] [org.gradle.cache.internal.DefaultCacheCoordinator] Cache Artifact transforms cache (/home/yagna/.gradle/caches/8.11.1/transforms) was closed 0 times.
2025-05-13T01:27:28.914+0530 [DEBUG] [org.gradle.cache.internal.DefaultCacheCleanupExecutor] kotlin-dsl (/home/yagna/.gradle/caches/8.11.1/kotlin-dsl) has last been fully cleaned up 28 hours ago
2025-05-13T01:27:28.914+0530 [DEBUG] [org.gradle.internal.operations.DefaultBuildOperationRunner] Build operation 'Clean up kotlin-dsl (/home/yagna/.gradle/caches/8.11.1/kotlin-dsl)' started
2025-05-13T01:27:28.914+0530 [INFO] [org.gradle.cache.internal.LeastRecentlyUsedCacheCleanup] kotlin-dsl (/home/yagna/.gradle/caches/8.11.1/kotlin-dsl) removing files not accessed on or after Tue May 06 01:27:28 IST 2025.
2025-05-13T01:27:28.916+0530 [INFO] [org.gradle.cache.internal.AbstractCacheCleanup] kotlin-dsl (/home/yagna/.gradle/caches/8.11.1/kotlin-dsl) cleanup deleted 0 files/directories.
2025-05-13T01:27:28.916+0530 [DEBUG] [org.gradle.internal.operations.DefaultBuildOperationRunner] Completing Build operation 'Clean up kotlin-dsl (/home/yagna/.gradle/caches/8.11.1/kotlin-dsl)'
2025-05-13T01:27:28.916+0530 [DEBUG] [org.gradle.internal.operations.DefaultBuildOperationRunner] Build operation 'Clean up kotlin-dsl (/home/yagna/.gradle/caches/8.11.1/kotlin-dsl)' completed
2025-05-13T01:27:28.916+0530 [INFO] [org.gradle.cache.internal.DefaultCacheCleanupExecutor] kotlin-dsl (/home/yagna/.gradle/caches/8.11.1/kotlin-dsl) cleaned up in 0.001 secs.
2025-05-13T01:27:28.916+0530 [DEBUG] [org.gradle.cache.internal.DefaultCacheCoordinator] Cache kotlin-dsl (/home/yagna/.gradle/caches/8.11.1/kotlin-dsl) was closed 0 times.
2025-05-13T01:27:28.916+0530 [DEBUG] [org.gradle.cache.internal.LockOnDemandCrossProcessCacheAccess] Releasing file lock for journal cache (/home/yagna/.gradle/caches/journal-1)
2025-05-13T01:27:28.917+0530 [DEBUG] [org.gradle.cache.internal.btree.BTreePersistentIndexedCache] Closing cache file-access.bin (/home/yagna/.gradle/caches/journal-1/file-access.bin)
2025-05-13T01:27:28.917+0530 [DEBUG] [org.gradle.cache.internal.DefaultFileLockManager] Releasing lock on journal cache (/home/yagna/.gradle/caches/journal-1).
2025-05-13T01:27:28.917+0530 [DEBUG] [org.gradle.cache.internal.DefaultCacheCoordinator] Cache journal cache (/home/yagna/.gradle/caches/journal-1) was closed 3 times.
2025-05-13T01:27:28.917+0530 [DEBUG] [org.gradle.cache.internal.LockOnDemandCrossProcessCacheAccess] Releasing file lock for file hash cache (/home/yagna/.gradle/caches/8.11.1/fileHashes)
2025-05-13T01:27:28.918+0530 [DEBUG] [org.gradle.cache.internal.btree.BTreePersistentIndexedCache] Closing cache fileHashes.bin (/home/yagna/.gradle/caches/8.11.1/fileHashes/fileHashes.bin)
2025-05-13T01:27:28.918+0530 [DEBUG] [org.gradle.cache.internal.btree.BTreePersistentIndexedCache] Closing cache resourceHashesCache.bin (/home/yagna/.gradle/caches/8.11.1/fileHashes/resourceHashesCache.bin)
2025-05-13T01:27:28.918+0530 [DEBUG] [org.gradle.cache.internal.DefaultFileLockManager] Releasing lock on file hash cache (/home/yagna/.gradle/caches/8.11.1/fileHashes).
2025-05-13T01:27:28.919+0530 [DEBUG] [org.gradle.internal.operations.DefaultBuildOperationRunner] Build operation 'Deleting unused version-specific caches in /home/yagna/.gradle/caches' started
2025-05-13T01:27:28.920+0530 [DEBUG] [org.gradle.cache.internal.VersionSpecificCacheCleanupAction] Processed version-specific caches at /home/yagna/.gradle/caches for cleanup in 0.0 secs
2025-05-13T01:27:28.920+0530 [DEBUG] [org.gradle.internal.operations.DefaultBuildOperationRunner] Completing Build operation 'Deleting unused version-specific caches in /home/yagna/.gradle/caches'
2025-05-13T01:27:28.920+0530 [DEBUG] [org.gradle.internal.operations.DefaultBuildOperationRunner] Build operation 'Deleting unused version-specific caches in /home/yagna/.gradle/caches' completed
2025-05-13T01:27:28.922+0530 [DEBUG] [org.gradle.internal.operations.DefaultBuildOperationRunner] Build operation 'Deleting unused Gradle distributions in /home/yagna/.gradle/wrapper/dists' started
2025-05-13T01:27:28.923+0530 [DEBUG] [org.gradle.internal.operations.DefaultBuildOperationRunner] Completing Build operation 'Deleting unused Gradle distributions in /home/yagna/.gradle/wrapper/dists'
2025-05-13T01:27:28.923+0530 [DEBUG] [org.gradle.internal.operations.DefaultBuildOperationRunner] Build operation 'Deleting unused Gradle distributions in /home/yagna/.gradle/wrapper/dists' completed
2025-05-13T01:27:28.923+0530 [DEBUG] [org.gradle.launcher.daemon.server.Daemon] stop() called on daemon
2025-05-13T01:27:28.923+0530 [INFO] [org.gradle.launcher.daemon.server.Daemon] Stop requested. Daemon is removing its presence from the registry...
2025-05-13T01:27:28.923+0530 [DEBUG] [org.gradle.launcher.daemon.server.DaemonRegistryUpdater] Removing our presence to clients, eg. removing this address from the registry: [a693ac28-20f4-4b3b-82ee-b901b5bb5115 port:35713, addresses:[localhost/127.0.0.1]]
2025-05-13T01:27:28.923+0530 [DEBUG] [org.gradle.launcher.daemon.registry.PersistentDaemonRegistry] Removing daemon address: [a693ac28-20f4-4b3b-82ee-b901b5bb5115 port:35713, addresses:[localhost/127.0.0.1]]
2025-05-13T01:27:28.923+0530 [DEBUG] [org.gradle.cache.internal.DefaultFileLockManager] Waiting to acquire exclusive lock on daemon addresses registry.
2025-05-13T01:27:28.924+0530 [DEBUG] [org.gradle.cache.internal.DefaultFileLockManager] Lock acquired on daemon addresses registry.
2025-05-13T01:27:28.924+0530 [DEBUG] [org.gradle.cache.internal.DefaultFileLockManager] Releasing lock on daemon addresses registry.
2025-05-13T01:27:28.924+0530 [DEBUG] [org.gradle.launcher.daemon.server.DaemonRegistryUpdater] Address removed from registry.
2025-05-13T01:27:28.925+0530 [DEBUG] [org.gradle.cache.internal.locklistener.DefaultFileLockContentionHandler] File lock listener thread completed.
2025-05-13T01:27:28.927+0530 [DEBUG] [java.lang.Runtime] Runtime.exit() called with status: 0
java.lang.Throwable: Runtime.exit(0)
	at java.base/java.lang.Shutdown.logRuntimeExit(Unknown Source)
	at java.base/java.lang.Shutdown.exit(Unknown Source)
	at java.base/java.lang.Runtime.exit(Unknown Source)
	at java.base/java.lang.System.exit(Unknown Source)
	at org.gradle.launcher.bootstrap.ProcessCompleter.complete(ProcessCompleter.java:21)
	at org.gradle.launcher.bootstrap.EntryPoint.run(EntryPoint.java:61)
	at java.base/jdk.internal.reflect.DirectMethodHandleAccessor.invoke(Unknown Source)
	at java.base/java.lang.reflect.Method.invoke(Unknown Source)
	at org.gradle.launcher.bootstrap.ProcessBootstrap.runNoExit(ProcessBootstrap.java:72)
	at org.gradle.launcher.bootstrap.ProcessBootstrap.run(ProcessBootstrap.java:39)
	at org.gradle.launcher.daemon.bootstrap.GradleDaemon.main(GradleDaemon.java:22)
2025-05-13T01:27:28.928+0530 [DEBUG] [org.gradle.launcher.daemon.registry.PersistentDaemonRegistry] Removing daemon address: [a693ac28-20f4-4b3b-82ee-b901b5bb5115 port:35713, addresses:[localhost/127.0.0.1]]
Daemon vm is shutting down... The daemon has exited normally or was terminated in response to a user interrupt.
2025-05-13T01:27:28.929+0530 [DEBUG] [org.gradle.launcher.daemon.server.Daemon] VM shutdown hook was unable to remove the daemon address from the registry. It will be cleaned up later.
java.lang.IllegalStateException: Cannot start managing file contention because this handler has been closed.
	at org.gradle.cache.internal.locklistener.DefaultFileLockContentionHandler.assertNotStopped(DefaultFileLockContentionHandler.java:217)
	at org.gradle.cache.internal.locklistener.DefaultFileLockContentionHandler.getCommunicator(DefaultFileLockContentionHandler.java:260)
	at org.gradle.cache.internal.locklistener.DefaultFileLockContentionHandler.reservePort(DefaultFileLockContentionHandler.java:254)
	at org.gradle.cache.internal.DefaultFileLockManager.lock(DefaultFileLockManager.java:124)
	at org.gradle.cache.internal.DefaultFileLockManager.lock(DefaultFileLockManager.java:106)
	at org.gradle.cache.internal.DefaultFileLockManager.lock(DefaultFileLockManager.java:101)
	at org.gradle.cache.internal.OnDemandFileAccess.updateFile(OnDemandFileAccess.java:51)
	at org.gradle.cache.internal.FileBackedObjectHolder.update(FileBackedObjectHolder.java:77)
	at org.gradle.cache.internal.FileIntegrityViolationSuppressingObjectHolderDecorator.lambda$update$0(FileIntegrityViolationSuppressingObjectHolderDecorator.java:48)
	at org.gradle.cache.internal.FileIntegrityViolationSuppressingObjectHolderDecorator.doUpdate(FileIntegrityViolationSuppressingObjectHolderDecorator.java:58)
	at org.gradle.cache.internal.FileIntegrityViolationSuppressingObjectHolderDecorator.update(FileIntegrityViolationSuppressingObjectHolderDecorator.java:48)
	at org.gradle.launcher.daemon.registry.PersistentDaemonRegistry.remove(PersistentDaemonRegistry.java:133)
	at org.gradle.launcher.daemon.server.Daemon$1.run(Daemon.java:133)
	at java.base/java.lang.Thread.run(Unknown Source)
