2025-01-11 18:08:45.553 [info] [main] Log level: Info
2025-01-11 18:08:45.553 [info] [main] Validating found git in: "git"
2025-01-11 18:08:45.553 [info] [main] Using git "2.48.0" from "git"
2025-01-11 18:08:45.553 [info] [Model][doInitialScan] Initial repository scan started
2025-01-11 18:08:45.553 [info] > git rev-parse --show-toplevel [307ms]
2025-01-11 18:08:45.553 [info] fatal: not a git repository (or any of the parent directories): .git
2025-01-11 18:08:45.553 [info] > git rev-parse --show-toplevel [518ms]
2025-01-11 18:08:45.553 [info] fatal: not a git repository (or any of the parent directories): .git
2025-01-11 18:08:45.556 [info] > git rev-parse --show-toplevel [16ms]
2025-01-11 18:08:45.556 [info] fatal: not a git repository (or any of the parent directories): .git
2025-01-11 18:08:45.622 [info] > git rev-parse --show-toplevel [11ms]
2025-01-11 18:08:45.622 [info] fatal: not a git repository (or any of the parent directories): .git
2025-01-11 18:08:45.939 [info] > git rev-parse --show-toplevel [61ms]
2025-01-11 18:08:45.939 [info] fatal: not a git repository (or any of the parent directories): .git
2025-01-11 18:08:46.070 [info] > git rev-parse --show-toplevel [18ms]
2025-01-11 18:08:46.070 [info] fatal: not a git repository (or any of the parent directories): .git
2025-01-11 18:08:46.128 [info] > git rev-parse --show-toplevel [19ms]
2025-01-11 18:08:46.128 [info] fatal: not a git repository (or any of the parent directories): .git
2025-01-11 18:08:46.300 [info] > git rev-parse --show-toplevel [105ms]
2025-01-11 18:08:46.300 [info] fatal: not a git repository (or any of the parent directories): .git
2025-01-11 18:08:46.390 [info] > git rev-parse --show-toplevel [27ms]
2025-01-11 18:08:46.390 [info] fatal: not a git repository (or any of the parent directories): .git
2025-01-11 18:08:46.392 [info] [Model][doInitialScan] Initial repository scan completed - repositories (0), closed repositories (0), parent repositories (0), unsafe repositories (0)
