2025-01-11 15:53:24.879 [info] [main] Log level: Info
2025-01-11 15:53:24.880 [info] [main] Validating found git in: "git"
2025-01-11 15:53:24.880 [info] [main] Using git "2.48.0" from "git"
2025-01-11 15:53:24.880 [info] [Model][doInitialScan] Initial repository scan started
2025-01-11 15:53:24.880 [info] > git rev-parse --show-toplevel [3ms]
2025-01-11 15:53:24.880 [info] fatal: not a git repository (or any of the parent directories): .git
2025-01-11 15:53:24.880 [info] > git rev-parse --show-toplevel [1ms]
2025-01-11 15:53:24.880 [info] fatal: not a git repository (or any of the parent directories): .git
2025-01-11 15:53:24.880 [info] > git rev-parse --show-toplevel [1ms]
2025-01-11 15:53:24.880 [info] fatal: not a git repository (or any of the parent directories): .git
2025-01-11 15:53:24.880 [info] > git rev-parse --show-toplevel [2ms]
2025-01-11 15:53:24.880 [info] fatal: not a git repository (or any of the parent directories): .git
2025-01-11 15:53:24.880 [info] > git rev-parse --show-toplevel [1ms]
2025-01-11 15:53:24.880 [info] fatal: not a git repository (or any of the parent directories): .git
2025-01-11 15:53:24.880 [info] [Model][doInitialScan] Initial repository scan completed - repositories (0), closed repositories (0), parent repositories (0), unsafe repositories (0)
2025-01-11 15:53:24.987 [info] > git rev-parse --show-toplevel [2ms]
2025-01-11 15:53:24.987 [info] fatal: not a git repository (or any of the parent directories): .git
2025-01-11 15:53:25.309 [info] > git rev-parse --show-toplevel [1ms]
2025-01-11 15:53:25.309 [info] fatal: not a git repository (or any of the parent directories): .git
2025-01-11 15:53:25.413 [info] > git rev-parse --show-toplevel [3ms]
2025-01-11 15:53:25.413 [info] fatal: not a git repository (or any of the parent directories): .git
2025-01-11 15:53:27.359 [info] > git rev-parse --show-toplevel [2ms]
2025-01-11 15:53:27.359 [info] fatal: not a git repository (or any of the parent directories): .git
