2025-01-11 15:56:43.590 [info] [main] Log level: Info
2025-01-11 15:56:43.590 [info] [main] Validating found git in: "git"
2025-01-11 15:56:43.590 [info] [main] Using git "2.48.0" from "git"
2025-01-11 15:56:43.590 [info] [Model][doInitialScan] Initial repository scan started
2025-01-11 15:56:43.590 [info] > git rev-parse --show-toplevel [4ms]
2025-01-11 15:56:43.590 [info] fatal: not a git repository (or any of the parent directories): .git
2025-01-11 15:56:43.590 [info] > git rev-parse --show-toplevel [1ms]
2025-01-11 15:56:43.590 [info] fatal: not a git repository (or any of the parent directories): .git
2025-01-11 15:56:43.590 [info] > git rev-parse --show-toplevel [1ms]
2025-01-11 15:56:43.590 [info] fatal: not a git repository (or any of the parent directories): .git
2025-01-11 15:56:43.597 [info] > git rev-parse --show-toplevel [1ms]
2025-01-11 15:56:43.597 [info] fatal: not a git repository (or any of the parent directories): .git
2025-01-11 15:56:43.603 [info] > git rev-parse --show-toplevel [1ms]
2025-01-11 15:56:43.603 [info] fatal: not a git repository (or any of the parent directories): .git
2025-01-11 15:56:43.605 [info] [Model][doInitialScan] Initial repository scan completed - repositories (0), closed repositories (0), parent repositories (0), unsafe repositories (0)
2025-01-11 15:56:43.758 [info] > git rev-parse --show-toplevel [1ms]
2025-01-11 15:56:43.758 [info] fatal: not a git repository (or any of the parent directories): .git
2025-01-11 15:56:44.094 [info] > git rev-parse --show-toplevel [1ms]
2025-01-11 15:56:44.094 [info] fatal: not a git repository (or any of the parent directories): .git
2025-01-11 15:56:44.184 [info] > git rev-parse --show-toplevel [4ms]
2025-01-11 15:56:44.184 [info] fatal: not a git repository (or any of the parent directories): .git
2025-01-11 15:56:46.129 [info] > git rev-parse --show-toplevel [1ms]
2025-01-11 15:56:46.129 [info] fatal: not a git repository (or any of the parent directories): .git
