Visual Studio Code (1.96.2, undefined, desktop)
Jupyter Extension Version: 2024.11.0.
Python Extension Version: 2024.22.2.
Pylance Extension Version: 2024.12.1.
Platform: linux (x64).
Temp Storage folder ~/.config/Code/User/globalStorage/ms-toolsai.jupyter/version-2024.11.0
Workspace folder ~/Code/ML, Home = /home/yagna
16:05:43.072 [info] Starting Kernel (Python Path: /bin/python, VirtualEnv, 3.13.1) for '~/Code/ML/gpu.ipynb' (disableUI=true)
16:05:43.101 [warn] Failed to get activated env vars for /bin/python in 6ms
16:05:43.102 [error] Unable to determine site packages path for python /bin/python (VirtualEnv)
16:05:43.121 [info] Process Execution: /bin/python -m pip list
16:05:43.122 [warn] Failed to get activated env vars for /bin/python in 27ms
16:05:43.123 [error] Unable to determine site packages path for python /bin/python (VirtualEnv)
16:05:43.144 [info] Process Execution: /bin/python -c "import ipykernel; print(ipykernel.__version__); print("5dc3a68c-e34e-4080-9c3e-2a532b2ccb4d"); print(ipykernel.__file__)"
16:05:43.165 [info] Process Execution: /bin/python -m ipykernel_launcher --f=/home/~/.local/share/jupyter/runtime/kernel-v393d77b8a0d0e2921b549461626cabecd56a11260.json
    > cwd: //home/~/Code/ML
16:05:43.647 [info] Kernel successfully started
16:08:56.726 [warn] Failed to get activated env vars for /bin/python in 63ms
16:08:56.727 [error] Unable to determine site packages path for python /bin/python (VirtualEnv)
16:08:56.748 [info] Process Execution: /bin/python /home/~/.vscode/extensions/ms-toolsai.jupyter-2024.11.0-linux-x64/pythonFiles/printJupyterDataDir.py
16:14:11.748 [info] Dispose Kernel '~/Code/ML/gpu.ipynb' associated with '~/Code/ML/gpu.ipynb'
16:14:11.814 [warn] Failed to delete connection file file:///home/~/.local/share/jupyter/runtime/kernel-v393d77b8a0d0e2921b549461626cabecd56a11260.json for pid 300375 Canceled (FileSystemError): Canceled
    at Function.e (file:///opt/visual-studio-code/resources/app/out/vs/workbench/api/node/extensionHostProcess.js:115:9853)
    at Object.stat (file:///opt/visual-studio-code/resources/app/out/vs/workbench/api/node/extensionHostProcess.js:115:7007)
    at Bc.delete (/home/~/.vscode/extensions/ms-toolsai.jupyter-2024.11.0-linux-x64/dist/extension.node.js:239:15448)
    at /home/~/.vscode/extensions/ms-toolsai.jupyter-2024.11.0-linux-x64/dist/extension.node.js:303:469 {
  code: 'Unknown'
}
